#
# There is insufficient memory for the Java Runtime Environment to continue.
# Native memory allocation (malloc) failed to allocate 735376 bytes for Chunk::new
# Possible reasons:
#   The system is out of physical RAM or swap space
#   The process is running with CompressedOops enabled, and the Java Heap may be blocking the growth of the native heap
# Possible solutions:
#   Reduce memory load on the system
#   Increase physical memory or swap space
#   Check if swap backing store is full
#   Decrease Java heap size (-Xmx/-Xms)
#   Decrease number of Java threads
#   Decrease Java thread stack sizes (-Xss)
#   Set larger code cache with -XX:ReservedCodeCacheSize=
#   JVM is running with Unscaled Compressed Oops mode in which the Java heap is
#     placed in the first 4GB address space. The Java Heap base address is the
#     maximum limit for the native heap growth. Please use -XX:HeapBaseMinAddress
#     to set the Java Heap base and to place the Java Heap above 4GB virtual address.
# This output file may be truncated or incomplete.
#
#  Out of Memory Error (./src/hotspot/share/memory/arena.cpp:197), pid=60300, tid=44752
#
# JRE version: OpenJDK Runtime Environment (11.0.13) (build 11.0.13+0-b1751.21-8125866)
# Java VM: OpenJDK 64-Bit Server VM (11.0.13+0-b1751.21-8125866, mixed mode, tiered, compressed oops, g1 gc, windows-amd64)
# No core dump will be written. Minidumps are not enabled by default on client versions of Windows
#

---------------  S U M M A R Y ------------

Command Line: --add-opens=java.base/java.util=ALL-UNNAMED --add-opens=java.base/java.lang=ALL-UNNAMED --add-opens=java.base/java.lang.invoke=ALL-UNNAMED --add-opens=java.base/java.util=ALL-UNNAMED --add-opens=java.prefs/java.util.prefs=ALL-UNNAMED --add-opens=java.prefs/java.util.prefs=ALL-UNNAMED --add-opens=java.base/java.nio.charset=ALL-UNNAMED --add-opens=java.base/java.net=ALL-UNNAMED --add-opens=java.base/java.util.concurrent.atomic=ALL-UNNAMED -Xmx2048m -Dfile.encoding=UTF-8 -Duser.country=US -Duser.language=en -Duser.variant org.gradle.launcher.daemon.bootstrap.GradleDaemon 7.4

Host: Intel(R) Core(TM) i7-8550U CPU @ 1.80GHz, 8 cores, 15G,  Windows 11 , 64 bit Build 22621 (10.0.22621.608)
Time: Sat Nov  5 23:30:07 2022 SE Asia Standard Time elapsed time: 37.155404 seconds (0d 0h 0m 37s)

---------------  T H R E A D  ---------------

Current thread (0x000001f478c02000):  JavaThread "C2 CompilerThread0" daemon [_thread_in_native, id=44752, stack(0x0000003f75b00000,0x0000003f75c00000)]


Current CompileTask:
C2:  37155 8861       4       org.gradle.api.internal.cache.StringInterner::intern (9 bytes)

Stack: [0x0000003f75b00000,0x0000003f75c00000]
Native frames: (J=compiled Java code, j=interpreted, Vv=VM code, C=native code)
V  [jvm.dll+0x6100fa]
V  [jvm.dll+0x747090]
V  [jvm.dll+0x7486ad]
V  [jvm.dll+0x748d83]
V  [jvm.dll+0x24ab48]
V  [jvm.dll+0xc04dc]
V  [jvm.dll+0xc0a0c]
V  [jvm.dll+0x35eb9d]
V  [jvm.dll+0x19d9bc]
V  [jvm.dll+0x2033be]
V  [jvm.dll+0x202437]
V  [jvm.dll+0x188e01]
V  [jvm.dll+0x21106b]
V  [jvm.dll+0x20f8c1]
V  [jvm.dll+0x70de0f]
V  [jvm.dll+0x706a75]
V  [jvm.dll+0x60ed66]
C  [ucrtbase.dll+0x29363]
C  [KERNEL32.DLL+0x1244d]
C  [ntdll.dll+0x5df78]


---------------  P R O C E S S  ---------------

Threads class SMR info:
_java_thread_list=0x000001f47d54a1e0, length=134, elements={
0x000001f45de8b800, 0x000001f478b99000, 0x000001f478b9e000, 0x000001f478bf8800,
0x000001f478bf9800, 0x000001f478bfd000, 0x000001f478c02000, 0x000001f478c0f800,
0x000001f478c10800, 0x000001f478d5e800, 0x000001f47c209000, 0x000001f47c391800,
0x000001f47c2d2000, 0x000001f478edb800, 0x000001f47b4d8800, 0x000001f47ace2800,
0x000001f47b3ab800, 0x000001f47b4ee800, 0x000001f47aa66800, 0x000001f47a48d800,
0x000001f47af03000, 0x000001f47af05800, 0x000001f47af00800, 0x000001f47af01800,
0x000001f47af04000, 0x000001f47af00000, 0x000001f47af06800, 0x000001f47af02800,
0x000001f47af05000, 0x000001f47b47d000, 0x000001f47b478000, 0x000001f47b477000,
0x000001f47b47e800, 0x000001f47b47c000, 0x000001f47b47a800, 0x000001f47b47d800,
0x000001f47b478800, 0x000001f47b47f000, 0x000001f47b479800, 0x000001f47b482800,
0x000001f47b481800, 0x000001f47b483800, 0x000001f47b484000, 0x000001f47b485800,
0x000001f47b485000, 0x000001f47b480000, 0x000001f47b481000, 0x000001f47a1eb000,
0x000001f47a1ea000, 0x000001f47a1e9000, 0x000001f47a1eb800, 0x000001f47a1ec800,
0x000001f47a1e6800, 0x000001f47a1ed000, 0x000001f47a1e7800, 0x000001f47a1ee000,
0x000001f47a1e8800, 0x000001f47a1f0800, 0x000001f47a1ef800, 0x000001f47a1f3000,
0x000001f47a1f1800, 0x000001f47a1f2000, 0x000001f47a1f4000, 0x000001f47a1f4800,
0x000001f47a1ef000, 0x000001f47a1f5800, 0x000001f47b167800, 0x000001f47b16b800,
0x000001f47b16e000, 0x000001f47b16a800, 0x000001f47b169800, 0x000001f47b16c000,
0x000001f47b16d000, 0x000001f47b168000, 0x000001f47b16e800, 0x000001f47b169000,
0x000001f47b172800, 0x000001f47b175000, 0x000001f47b170000, 0x000001f47b16f800,
0x000001f47b176000, 0x000001f47b171000, 0x000001f47b173800, 0x000001f47b174800,
0x000001f47b172000, 0x000001f47b126800, 0x000001f47b125800, 0x000001f47b12a800,
0x000001f47b129800, 0x000001f47b12b000, 0x000001f47b127000, 0x000001f47b12c000,
0x000001f47b12d000, 0x000001f47b12d800, 0x000001f47b128000, 0x000001f47b12e800,
0x000001f47b128800, 0x000001f47b12f800, 0x000001f47b134000, 0x000001f47b130000,
0x000001f47b132800, 0x000001f47b131000, 0x000001f47b133800, 0x000001f47b131800,
0x000001f4004f1000, 0x000001f4004f0000, 0x000001f4004f1800, 0x000001f4004f2800,
0x000001f4004ee800, 0x000001f4004ec800, 0x000001f4004f3000, 0x000001f4004ef000,
0x000001f4004ed800, 0x000001f4004f5000, 0x000001f4004f4000, 0x000001f4004fa800,
0x000001f4004f5800, 0x000001f4004f7800, 0x000001f4004f8000, 0x000001f4004fa000,
0x000001f4004f9000, 0x000001f4004fb800, 0x000001f4004f6800, 0x000001f479e0d000,
0x000001f479e08000, 0x000001f479e09800, 0x000001f479e0a800, 0x000001f479e07000,
0x000001f479e0b800, 0x000001f479e09000, 0x000001f479e11000, 0x000001f479e0c000,
0x000001f479e13800, 0x000001f479e0d800
}

Java Threads: ( => current thread )
  0x000001f45de8b800 JavaThread "main" [_thread_blocked, id=29012, stack(0x0000003f74f00000,0x0000003f75000000)]
  0x000001f478b99000 JavaThread "Reference Handler" daemon [_thread_blocked, id=90540, stack(0x0000003f75600000,0x0000003f75700000)]
  0x000001f478b9e000 JavaThread "Finalizer" daemon [_thread_blocked, id=32820, stack(0x0000003f75700000,0x0000003f75800000)]
  0x000001f478bf8800 JavaThread "Signal Dispatcher" daemon [_thread_blocked, id=34428, stack(0x0000003f75800000,0x0000003f75900000)]
  0x000001f478bf9800 JavaThread "Attach Listener" daemon [_thread_blocked, id=46224, stack(0x0000003f75900000,0x0000003f75a00000)]
  0x000001f478bfd000 JavaThread "Service Thread" daemon [_thread_blocked, id=47384, stack(0x0000003f75a00000,0x0000003f75b00000)]
=>0x000001f478c02000 JavaThread "C2 CompilerThread0" daemon [_thread_in_native, id=44752, stack(0x0000003f75b00000,0x0000003f75c00000)]
  0x000001f478c0f800 JavaThread "C1 CompilerThread0" daemon [_thread_blocked, id=20024, stack(0x0000003f75c00000,0x0000003f75d00000)]
  0x000001f478c10800 JavaThread "Sweeper thread" daemon [_thread_blocked, id=23404, stack(0x0000003f75d00000,0x0000003f75e00000)]
  0x000001f478d5e800 JavaThread "Common-Cleaner" daemon [_thread_blocked, id=39536, stack(0x0000003f75e00000,0x0000003f75f00000)]
  0x000001f47c209000 JavaThread "Daemon health stats" [_thread_blocked, id=2148, stack(0x0000003f76700000,0x0000003f76800000)]
  0x000001f47c391800 JavaThread "Incoming local TCP Connector on port 65426" [_thread_in_native, id=14720, stack(0x0000003f76000000,0x0000003f76100000)]
  0x000001f47c2d2000 JavaThread "Daemon periodic checks" [_thread_blocked, id=38964, stack(0x0000003f76600000,0x0000003f76700000)]
  0x000001f478edb800 JavaThread "Daemon" [_thread_blocked, id=21796, stack(0x0000003f76800000,0x0000003f76900000)]
  0x000001f47b4d8800 JavaThread "Handler for socket connection from /127.0.0.1:65426 to /127.0.0.1:65427" [_thread_in_native, id=44660, stack(0x0000003f76900000,0x0000003f76a00000)]
  0x000001f47ace2800 JavaThread "Cancel handler" [_thread_blocked, id=43656, stack(0x0000003f76a00000,0x0000003f76b00000)]
  0x000001f47b3ab800 JavaThread "Daemon worker" [_thread_blocked, id=43252, stack(0x0000003f76b00000,0x0000003f76c00000)]
  0x000001f47b4ee800 JavaThread "Asynchronous log dispatcher for DefaultDaemonConnection: socket connection from /127.0.0.1:65426 to /127.0.0.1:65427" [_thread_blocked, id=16836, stack(0x0000003f76c00000,0x0000003f76d00000)]
  0x000001f47aa66800 JavaThread "Stdin handler" [_thread_blocked, id=39884, stack(0x0000003f76d00000,0x0000003f76e00000)]
  0x000001f47a48d800 JavaThread "Daemon client event forwarder" [_thread_blocked, id=40056, stack(0x0000003f76e00000,0x0000003f76f00000)]
  0x000001f47af03000 JavaThread "Cache worker for journal cache (C:\Users\chilu\.gradle\caches\journal-1)" [_thread_blocked, id=17508, stack(0x0000003f76f00000,0x0000003f77000000)]
  0x000001f47af05800 JavaThread "File lock request listener" [_thread_in_native, id=80504, stack(0x0000003f77000000,0x0000003f77100000)]
  0x000001f47af00800 JavaThread "Cache worker for file hash cache (C:\Users\chilu\.gradle\caches\7.4\fileHashes)" [_thread_blocked, id=77552, stack(0x0000003f77100000,0x0000003f77200000)]
  0x000001f47af01800 JavaThread "File watcher server" daemon [_thread_in_native, id=67292, stack(0x0000003f77500000,0x0000003f77600000)]
  0x000001f47af04000 JavaThread "File watcher consumer" daemon [_thread_blocked, id=49792, stack(0x0000003f77600000,0x0000003f77700000)]
  0x000001f47af00000 JavaThread "Cache worker for checksums cache (E:\GitHub\Logbook\.gradle\7.4\checksums)" [_thread_blocked, id=78980, stack(0x0000003f77700000,0x0000003f77800000)]
  0x000001f47af06800 JavaThread "Cache worker for cache directory md-rule (C:\Users\chilu\.gradle\caches\7.4\md-rule)" [_thread_blocked, id=90844, stack(0x0000003f77800000,0x0000003f77900000)]
  0x000001f47af02800 JavaThread "Cache worker for file hash cache (E:\GitHub\Logbook\.gradle\7.4\fileHashes)" [_thread_blocked, id=57700, stack(0x0000003f77a00000,0x0000003f77b00000)]
  0x000001f47af05000 JavaThread "Cache worker for cache directory md-supplier (C:\Users\chilu\.gradle\caches\7.4\md-supplier)" [_thread_blocked, id=2784, stack(0x0000003f77b00000,0x0000003f77c00000)]
  0x000001f47b47d000 JavaThread "Cache worker for execution history cache (C:\Users\chilu\.gradle\caches\7.4\executionHistory)" [_thread_in_native, id=13396, stack(0x0000003f77c00000,0x0000003f77d00000)]
  0x000001f47b478000 JavaThread "jar transforms" [_thread_blocked, id=41076, stack(0x0000003f77e00000,0x0000003f77f00000)]
  0x000001f47b477000 JavaThread "Cache worker for file content cache (C:\Users\chilu\.gradle\caches\7.4\fileContent)" [_thread_blocked, id=42152, stack(0x0000003f77f00000,0x0000003f78000000)]
  0x000001f47b47e800 JavaThread "jar transforms Thread 2" [_thread_blocked, id=27968, stack(0x0000003f78000000,0x0000003f78100000)]
  0x000001f47b47c000 JavaThread "Cache worker for dependencies-accessors (E:\GitHub\Logbook\.gradle\7.4\dependencies-accessors)" [_thread_blocked, id=38848, stack(0x0000003f78100000,0x0000003f78200000)]
  0x000001f47b47a800 JavaThread "jar transforms Thread 3" [_thread_blocked, id=73832, stack(0x0000003f78200000,0x0000003f78300000)]
  0x000001f47b47d800 JavaThread "Cache worker for Build Output Cleanup Cache (E:\GitHub\Logbook\.gradle\buildOutputCleanup)" [_thread_blocked, id=36468, stack(0x0000003f77900000,0x0000003f77a00000)]
  0x000001f47b478800 JavaThread "Unconstrained build operations" [_thread_blocked, id=35352, stack(0x0000003f78300000,0x0000003f78400000)]
  0x000001f47b47f000 JavaThread "Unconstrained build operations Thread 2" [_thread_blocked, id=69292, stack(0x0000003f78400000,0x0000003f78500000)]
  0x000001f47b479800 JavaThread "Unconstrained build operations Thread 3" [_thread_blocked, id=10000, stack(0x0000003f78500000,0x0000003f78600000)]
  0x000001f47b482800 JavaThread "Unconstrained build operations Thread 4" [_thread_blocked, id=3848, stack(0x0000003f78600000,0x0000003f78700000)]
  0x000001f47b481800 JavaThread "Unconstrained build operations Thread 5" [_thread_blocked, id=11664, stack(0x0000003f78700000,0x0000003f78800000)]
  0x000001f47b483800 JavaThread "Unconstrained build operations Thread 6" [_thread_blocked, id=40808, stack(0x0000003f78800000,0x0000003f78900000)]
  0x000001f47b484000 JavaThread "Unconstrained build operations Thread 7" [_thread_blocked, id=33940, stack(0x0000003f78900000,0x0000003f78a00000)]
  0x000001f47b485800 JavaThread "Unconstrained build operations Thread 8" [_thread_blocked, id=14520, stack(0x0000003f78a00000,0x0000003f78b00000)]
  0x000001f47b485000 JavaThread "Unconstrained build operations Thread 9" [_thread_blocked, id=22620, stack(0x0000003f78b00000,0x0000003f78c00000)]
  0x000001f47b480000 JavaThread "Unconstrained build operations Thread 10" [_thread_blocked, id=37796, stack(0x0000003f78c00000,0x0000003f78d00000)]
  0x000001f47b481000 JavaThread "Unconstrained build operations Thread 11" [_thread_in_native, id=72152, stack(0x0000003f78d00000,0x0000003f78e00000)]
  0x000001f47a1eb000 JavaThread "Unconstrained build operations Thread 12" [_thread_blocked, id=36064, stack(0x0000003f78e00000,0x0000003f78f00000)]
  0x000001f47a1ea000 JavaThread "Unconstrained build operations Thread 13" [_thread_blocked, id=31628, stack(0x0000003f78f00000,0x0000003f79000000)]
  0x000001f47a1e9000 JavaThread "Unconstrained build operations Thread 14" [_thread_blocked, id=34544, stack(0x0000003f79000000,0x0000003f79100000)]
  0x000001f47a1eb800 JavaThread "Unconstrained build operations Thread 15" [_thread_blocked, id=35208, stack(0x0000003f79100000,0x0000003f79200000)]
  0x000001f47a1ec800 JavaThread "Unconstrained build operations Thread 16" [_thread_blocked, id=5104, stack(0x0000003f79200000,0x0000003f79300000)]
  0x000001f47a1e6800 JavaThread "Unconstrained build operations Thread 17" [_thread_blocked, id=16336, stack(0x0000003f79300000,0x0000003f79400000)]
  0x000001f47a1ed000 JavaThread "Unconstrained build operations Thread 18" [_thread_blocked, id=30900, stack(0x0000003f79400000,0x0000003f79500000)]
  0x000001f47a1e7800 JavaThread "Unconstrained build operations Thread 19" [_thread_blocked, id=2896, stack(0x0000003f79500000,0x0000003f79600000)]
  0x000001f47a1ee000 JavaThread "Unconstrained build operations Thread 20" [_thread_blocked, id=45044, stack(0x0000003f79600000,0x0000003f79700000)]
  0x000001f47a1e8800 JavaThread "Unconstrained build operations Thread 21" [_thread_blocked, id=38864, stack(0x0000003f79700000,0x0000003f79800000)]
  0x000001f47a1f0800 JavaThread "Unconstrained build operations Thread 22" [_thread_blocked, id=9008, stack(0x0000003f79800000,0x0000003f79900000)]
  0x000001f47a1ef800 JavaThread "Unconstrained build operations Thread 23" [_thread_blocked, id=35476, stack(0x0000003f79900000,0x0000003f79a00000)]
  0x000001f47a1f3000 JavaThread "Unconstrained build operations Thread 24" [_thread_blocked, id=33620, stack(0x0000003f79a00000,0x0000003f79b00000)]
  0x000001f47a1f1800 JavaThread "Unconstrained build operations Thread 25" [_thread_blocked, id=28336, stack(0x0000003f79b00000,0x0000003f79c00000)]
  0x000001f47a1f2000 JavaThread "Unconstrained build operations Thread 26" [_thread_blocked, id=35588, stack(0x0000003f79c00000,0x0000003f79d00000)]
  0x000001f47a1f4000 JavaThread "Unconstrained build operations Thread 27" [_thread_blocked, id=25784, stack(0x0000003f79d00000,0x0000003f79e00000)]
  0x000001f47a1f4800 JavaThread "Unconstrained build operations Thread 28" [_thread_blocked, id=84344, stack(0x0000003f79e00000,0x0000003f79f00000)]
  0x000001f47a1ef000 JavaThread "Unconstrained build operations Thread 29" [_thread_blocked, id=20816, stack(0x0000003f79f00000,0x0000003f7a000000)]
  0x000001f47a1f5800 JavaThread "Unconstrained build operations Thread 30" [_thread_blocked, id=39604, stack(0x0000003f7a000000,0x0000003f7a100000)]
  0x000001f47b167800 JavaThread "Unconstrained build operations Thread 31" [_thread_blocked, id=66080, stack(0x0000003f7a100000,0x0000003f7a200000)]
  0x000001f47b16b800 JavaThread "Unconstrained build operations Thread 32" [_thread_blocked, id=23220, stack(0x0000003f7a200000,0x0000003f7a300000)]
  0x000001f47b16e000 JavaThread "Unconstrained build operations Thread 33" [_thread_blocked, id=39272, stack(0x0000003f7a300000,0x0000003f7a400000)]
  0x000001f47b16a800 JavaThread "Unconstrained build operations Thread 34" [_thread_in_native, id=48416, stack(0x0000003f7a400000,0x0000003f7a500000)]
  0x000001f47b169800 JavaThread "Unconstrained build operations Thread 35" [_thread_blocked, id=22892, stack(0x0000003f7a500000,0x0000003f7a600000)]
  0x000001f47b16c000 JavaThread "Unconstrained build operations Thread 36" [_thread_blocked, id=71900, stack(0x0000003f7a600000,0x0000003f7a700000)]
  0x000001f47b16d000 JavaThread "Unconstrained build operations Thread 37" [_thread_blocked, id=78044, stack(0x0000003f7a700000,0x0000003f7a800000)]
  0x000001f47b168000 JavaThread "Unconstrained build operations Thread 38" [_thread_blocked, id=24552, stack(0x0000003f7a800000,0x0000003f7a900000)]
  0x000001f47b16e800 JavaThread "Unconstrained build operations Thread 39" [_thread_blocked, id=23200, stack(0x0000003f7a900000,0x0000003f7aa00000)]
  0x000001f47b169000 JavaThread "Unconstrained build operations Thread 40" [_thread_in_native, id=28724, stack(0x0000003f7aa00000,0x0000003f7ab00000)]
  0x000001f47b172800 JavaThread "Unconstrained build operations Thread 41" [_thread_blocked, id=40264, stack(0x0000003f7ab00000,0x0000003f7ac00000)]
  0x000001f47b175000 JavaThread "Unconstrained build operations Thread 42" [_thread_blocked, id=30924, stack(0x0000003f7ac00000,0x0000003f7ad00000)]
  0x000001f47b170000 JavaThread "Unconstrained build operations Thread 43" [_thread_blocked, id=10560, stack(0x0000003f7ad00000,0x0000003f7ae00000)]
  0x000001f47b16f800 JavaThread "Unconstrained build operations Thread 44" [_thread_blocked, id=8092, stack(0x0000003f7ae00000,0x0000003f7af00000)]
  0x000001f47b176000 JavaThread "Unconstrained build operations Thread 45" [_thread_blocked, id=84600, stack(0x0000003f7af00000,0x0000003f7b000000)]
  0x000001f47b171000 JavaThread "Unconstrained build operations Thread 46" [_thread_blocked, id=29364, stack(0x0000003f7b000000,0x0000003f7b100000)]
  0x000001f47b173800 JavaThread "Unconstrained build operations Thread 47" [_thread_blocked, id=38828, stack(0x0000003f7b100000,0x0000003f7b200000)]
  0x000001f47b174800 JavaThread "Unconstrained build operations Thread 48" [_thread_blocked, id=40124, stack(0x0000003f7b200000,0x0000003f7b300000)]
  0x000001f47b172000 JavaThread "Unconstrained build operations Thread 49" [_thread_blocked, id=42504, stack(0x0000003f7b300000,0x0000003f7b400000)]
  0x000001f47b126800 JavaThread "Unconstrained build operations Thread 50" [_thread_blocked, id=75096, stack(0x0000003f7b400000,0x0000003f7b500000)]
  0x000001f47b125800 JavaThread "Unconstrained build operations Thread 51" [_thread_blocked, id=38968, stack(0x0000003f7b500000,0x0000003f7b600000)]
  0x000001f47b12a800 JavaThread "Unconstrained build operations Thread 52" [_thread_blocked, id=13304, stack(0x0000003f7b600000,0x0000003f7b700000)]
  0x000001f47b129800 JavaThread "Unconstrained build operations Thread 53" [_thread_blocked, id=30620, stack(0x0000003f7b700000,0x0000003f7b800000)]
  0x000001f47b12b000 JavaThread "Unconstrained build operations Thread 54" [_thread_blocked, id=89540, stack(0x0000003f7b800000,0x0000003f7b900000)]
  0x000001f47b127000 JavaThread "Unconstrained build operations Thread 55" [_thread_blocked, id=31656, stack(0x0000003f7b900000,0x0000003f7ba00000)]
  0x000001f47b12c000 JavaThread "Unconstrained build operations Thread 56" [_thread_blocked, id=40528, stack(0x0000003f7ba00000,0x0000003f7bb00000)]
  0x000001f47b12d000 JavaThread "Unconstrained build operations Thread 57" [_thread_blocked, id=47656, stack(0x0000003f7bb00000,0x0000003f7bc00000)]
  0x000001f47b12d800 JavaThread "Unconstrained build operations Thread 58" [_thread_in_native, id=27084, stack(0x0000003f7bc00000,0x0000003f7bd00000)]
  0x000001f47b128000 JavaThread "Unconstrained build operations Thread 59" [_thread_blocked, id=35248, stack(0x0000003f7bd00000,0x0000003f7be00000)]
  0x000001f47b12e800 JavaThread "Unconstrained build operations Thread 60" [_thread_blocked, id=73620, stack(0x0000003f7be00000,0x0000003f7bf00000)]
  0x000001f47b128800 JavaThread "Unconstrained build operations Thread 61" [_thread_blocked, id=7456, stack(0x0000003f7bf00000,0x0000003f7c000000)]
  0x000001f47b12f800 JavaThread "Unconstrained build operations Thread 62" [_thread_blocked, id=30184, stack(0x0000003f7c000000,0x0000003f7c100000)]
  0x000001f47b134000 JavaThread "Unconstrained build operations Thread 63" [_thread_in_native, id=36440, stack(0x0000003f7c100000,0x0000003f7c200000)]
  0x000001f47b130000 JavaThread "Unconstrained build operations Thread 64" [_thread_blocked, id=31596, stack(0x0000003f7c200000,0x0000003f7c300000)]
  0x000001f47b132800 JavaThread "Unconstrained build operations Thread 65" [_thread_blocked, id=36360, stack(0x0000003f7c300000,0x0000003f7c400000)]
  0x000001f47b131000 JavaThread "Unconstrained build operations Thread 66" [_thread_blocked, id=42428, stack(0x0000003f7c400000,0x0000003f7c500000)]
  0x000001f47b133800 JavaThread "Unconstrained build operations Thread 67" [_thread_blocked, id=71904, stack(0x0000003f7c500000,0x0000003f7c600000)]
  0x000001f47b131800 JavaThread "Unconstrained build operations Thread 68" [_thread_blocked, id=11832, stack(0x0000003f7c600000,0x0000003f7c700000)]
  0x000001f4004f1000 JavaThread "Unconstrained build operations Thread 69" [_thread_blocked, id=65772, stack(0x0000003f7c700000,0x0000003f7c800000)]
  0x000001f4004f0000 JavaThread "Unconstrained build operations Thread 70" [_thread_blocked, id=85776, stack(0x0000003f7c800000,0x0000003f7c900000)]
  0x000001f4004f1800 JavaThread "Unconstrained build operations Thread 71" [_thread_blocked, id=32456, stack(0x0000003f7c900000,0x0000003f7ca00000)]
  0x000001f4004f2800 JavaThread "Unconstrained build operations Thread 72" [_thread_blocked, id=37184, stack(0x0000003f7ca00000,0x0000003f7cb00000)]
  0x000001f4004ee800 JavaThread "Unconstrained build operations Thread 73" [_thread_blocked, id=75568, stack(0x0000003f7cb00000,0x0000003f7cc00000)]
  0x000001f4004ec800 JavaThread "Unconstrained build operations Thread 74" [_thread_blocked, id=87996, stack(0x0000003f7cc00000,0x0000003f7cd00000)]
  0x000001f4004f3000 JavaThread "Unconstrained build operations Thread 75" [_thread_blocked, id=31920, stack(0x0000003f7cd00000,0x0000003f7ce00000)]
  0x000001f4004ef000 JavaThread "Unconstrained build operations Thread 76" [_thread_blocked, id=32648, stack(0x0000003f7ce00000,0x0000003f7cf00000)]
  0x000001f4004ed800 JavaThread "Unconstrained build operations Thread 77" [_thread_blocked, id=87888, stack(0x0000003f7cf00000,0x0000003f7d000000)]
  0x000001f4004f5000 JavaThread "Unconstrained build operations Thread 78" [_thread_blocked, id=34944, stack(0x0000003f7d000000,0x0000003f7d100000)]
  0x000001f4004f4000 JavaThread "Unconstrained build operations Thread 79" [_thread_blocked, id=38164, stack(0x0000003f7d100000,0x0000003f7d200000)]
  0x000001f4004fa800 JavaThread "Unconstrained build operations Thread 80" [_thread_blocked, id=29672, stack(0x0000003f7d200000,0x0000003f7d300000)]
  0x000001f4004f5800 JavaThread "jar transforms Thread 4" [_thread_blocked, id=8008, stack(0x0000003f7d300000,0x0000003f7d400000)]
  0x000001f4004f7800 JavaThread "jar transforms Thread 5" [_thread_blocked, id=14172, stack(0x0000003f7d400000,0x0000003f7d500000)]
  0x000001f4004f8000 JavaThread "jar transforms Thread 6" [_thread_blocked, id=26860, stack(0x0000003f7d500000,0x0000003f7d600000)]
  0x000001f4004fa000 JavaThread "jar transforms Thread 7" [_thread_blocked, id=37520, stack(0x0000003f7d600000,0x0000003f7d700000)]
  0x000001f4004f9000 JavaThread "jar transforms Thread 8" [_thread_blocked, id=41008, stack(0x0000003f7d700000,0x0000003f7d800000)]
  0x000001f4004fb800 JavaThread "Memory manager" [_thread_blocked, id=33708, stack(0x0000003f7d800000,0x0000003f7d900000)]
  0x000001f4004f6800 JavaThread "build event listener" [_thread_blocked, id=31888, stack(0x0000003f7d900000,0x0000003f7da00000)]
  0x000001f479e0d000 JavaThread "pool-3-thread-1" [_thread_blocked, id=14776, stack(0x0000003f7da00000,0x0000003f7db00000)]
  0x000001f479e08000 JavaThread "build event listener" [_thread_blocked, id=24228, stack(0x0000003f7db00000,0x0000003f7dc00000)]
  0x000001f479e09800 JavaThread "included builds" [_thread_blocked, id=20440, stack(0x0000003f7dc00000,0x0000003f7dd00000)]
  0x000001f479e0a800 JavaThread "Execution worker for ':'" [_thread_blocked, id=30884, stack(0x0000003f7dd00000,0x0000003f7de00000)]
  0x000001f479e07000 JavaThread "Execution worker for ':' Thread 2" [_thread_blocked, id=48392, stack(0x0000003f7de00000,0x0000003f7df00000)]
  0x000001f479e0b800 JavaThread "Execution worker for ':' Thread 3" [_thread_blocked, id=25144, stack(0x0000003f7df00000,0x0000003f7e000000)]
  0x000001f479e09000 JavaThread "Execution worker for ':' Thread 4" [_thread_blocked, id=90940, stack(0x0000003f7e000000,0x0000003f7e100000)]
  0x000001f479e11000 JavaThread "Execution worker for ':' Thread 5" [_thread_blocked, id=73124, stack(0x0000003f7e100000,0x0000003f7e200000)]
  0x000001f479e0c000 JavaThread "Execution worker for ':' Thread 6" [_thread_blocked, id=39768, stack(0x0000003f7e200000,0x0000003f7e300000)]
  0x000001f479e13800 JavaThread "Execution worker for ':' Thread 7" [_thread_blocked, id=16988, stack(0x0000003f7e300000,0x0000003f7e400000)]
  0x000001f479e0d800 JavaThread "Cache worker for execution history cache (E:\GitHub\Logbook\.gradle\7.4\executionHistory)" [_thread_blocked, id=22956, stack(0x0000003f7e400000,0x0000003f7e500000)]

Other Threads:
  0x000001f478b92000 VMThread "VM Thread" [stack: 0x0000003f75500000,0x0000003f75600000] [id=17280]
  0x000001f478d95800 WatcherThread [stack: 0x0000003f75f00000,0x0000003f76000000] [id=90744]
  0x000001f45dea5000 GCTaskThread "GC Thread#0" [stack: 0x0000003f75000000,0x0000003f75100000] [id=18032]
  0x000001f4792d6000 GCTaskThread "GC Thread#1" [stack: 0x0000003f76100000,0x0000003f76200000] [id=32844]
  0x000001f479391800 GCTaskThread "GC Thread#2" [stack: 0x0000003f76200000,0x0000003f76300000] [id=39408]
  0x000001f47964a800 GCTaskThread "GC Thread#3" [stack: 0x0000003f76300000,0x0000003f76400000] [id=31616]
  0x000001f479d4d800 GCTaskThread "GC Thread#4" [stack: 0x0000003f76400000,0x0000003f76500000] [id=38584]
  0x000001f479fec800 GCTaskThread "GC Thread#5" [stack: 0x0000003f76500000,0x0000003f76600000] [id=47596]
  0x000001f47ab6b000 GCTaskThread "GC Thread#6" [stack: 0x0000003f77200000,0x0000003f77300000] [id=85060]
  0x000001f47aebf000 GCTaskThread "GC Thread#7" [stack: 0x0000003f77300000,0x0000003f77400000] [id=46012]
  0x000001f45ded6800 ConcurrentGCThread "G1 Main Marker" [stack: 0x0000003f75100000,0x0000003f75200000] [id=84588]
  0x000001f45ded7800 ConcurrentGCThread "G1 Conc#0" [stack: 0x0000003f75200000,0x0000003f75300000] [id=47860]
  0x000001f47a217000 ConcurrentGCThread "G1 Conc#1" [stack: 0x0000003f77400000,0x0000003f77500000] [id=74152]
  0x000001f45df5e000 ConcurrentGCThread "G1 Refine#0" [stack: 0x0000003f75300000,0x0000003f75400000] [id=27272]
  0x000001f4781de800 ConcurrentGCThread "G1 Young RemSet Sampling" [stack: 0x0000003f75400000,0x0000003f75500000] [id=73988]

Threads with active compile tasks:
C2 CompilerThread0  37520 8861       4       org.gradle.api.internal.cache.StringInterner::intern (9 bytes)

VM state:not at safepoint (normal execution)

VM Mutex/Monitor currently owned by a thread: None

Heap address: 0x0000000080000000, size: 2048 MB, Compressed Oops mode: 32-bit
Narrow klass base: 0x0000000000000000, Narrow klass shift: 3
Compressed class space size: 1073741824 Address: 0x0000000100000000

Heap:
 garbage-first heap   total 260096K, used 106308K [0x0000000080000000, 0x0000000100000000)
  region size 1024K, 54 young (55296K), 15 survivors (15360K)
 Metaspace       used 84753K, capacity 86794K, committed 87076K, reserved 1124352K
  class space    used 10903K, capacity 11684K, committed 11724K, reserved 1048576K
Heap Regions: E=young(eden), S=young(survivor), O=old, HS=humongous(starts), HC=humongous(continues), CS=collection set, F=free, A=archive, TAMS=top-at-mark-start (previous, next)
|   0|0x0000000080000000, 0x0000000080100000, 0x0000000080100000|100%| O|  |TAMS 0x0000000080100000, 0x0000000080000000| Untracked 
|   1|0x0000000080100000, 0x0000000080200000, 0x0000000080200000|100%| O|  |TAMS 0x0000000080200000, 0x0000000080100000| Untracked 
|   2|0x0000000080200000, 0x0000000080300000, 0x0000000080300000|100%| O|  |TAMS 0x0000000080300000, 0x0000000080200000| Untracked 
|   3|0x0000000080300000, 0x0000000080400000, 0x0000000080400000|100%|HS|  |TAMS 0x0000000080400000, 0x0000000080300000| Complete 
|   4|0x0000000080400000, 0x0000000080500000, 0x0000000080500000|100%|HC|  |TAMS 0x0000000080500000, 0x0000000080400000| Complete 
|   5|0x0000000080500000, 0x0000000080600000, 0x0000000080600000|100%|HC|  |TAMS 0x0000000080600000, 0x0000000080500000| Complete 
|   6|0x0000000080600000, 0x0000000080700000, 0x0000000080700000|100%| O|  |TAMS 0x0000000080700000, 0x0000000080600000| Untracked 
|   7|0x0000000080700000, 0x0000000080800000, 0x0000000080800000|100%| O|  |TAMS 0x0000000080800000, 0x0000000080700000| Untracked 
|   8|0x0000000080800000, 0x0000000080900000, 0x0000000080900000|100%| O|  |TAMS 0x0000000080900000, 0x0000000080800000| Untracked 
|   9|0x0000000080900000, 0x0000000080a00000, 0x0000000080a00000|100%| O|  |TAMS 0x0000000080a00000, 0x0000000080900000| Untracked 
|  10|0x0000000080a00000, 0x0000000080b00000, 0x0000000080b00000|100%| O|  |TAMS 0x0000000080b00000, 0x0000000080a00000| Untracked 
|  11|0x0000000080b00000, 0x0000000080c00000, 0x0000000080c00000|100%| O|  |TAMS 0x0000000080c00000, 0x0000000080b00000| Untracked 
|  12|0x0000000080c00000, 0x0000000080d00000, 0x0000000080d00000|100%| O|  |TAMS 0x0000000080d00000, 0x0000000080c00000| Untracked 
|  13|0x0000000080d00000, 0x0000000080e00000, 0x0000000080e00000|100%| O|  |TAMS 0x0000000080e00000, 0x0000000080d00000| Untracked 
|  14|0x0000000080e00000, 0x0000000080f00000, 0x0000000080f00000|100%| O|  |TAMS 0x0000000080f00000, 0x0000000080e00000| Untracked 
|  15|0x0000000080f00000, 0x0000000081000000, 0x0000000081000000|100%| O|  |TAMS 0x0000000081000000, 0x0000000080f00000| Untracked 
|  16|0x0000000081000000, 0x0000000081100000, 0x0000000081100000|100%| O|  |TAMS 0x0000000081100000, 0x0000000081000000| Untracked 
|  17|0x0000000081100000, 0x0000000081200000, 0x0000000081200000|100%|HS|  |TAMS 0x0000000081200000, 0x0000000081100000| Complete 
|  18|0x0000000081200000, 0x0000000081300000, 0x0000000081300000|100%|HS|  |TAMS 0x0000000081300000, 0x0000000081200000| Complete 
|  19|0x0000000081300000, 0x0000000081400000, 0x0000000081400000|100%| O|  |TAMS 0x0000000081400000, 0x0000000081300000| Untracked 
|  20|0x0000000081400000, 0x0000000081500000, 0x0000000081500000|100%|HS|  |TAMS 0x0000000081500000, 0x0000000081400000| Complete 
|  21|0x0000000081500000, 0x0000000081600000, 0x0000000081600000|100%|HC|  |TAMS 0x0000000081600000, 0x0000000081500000| Complete 
|  22|0x0000000081600000, 0x0000000081700000, 0x0000000081700000|100%| O|  |TAMS 0x0000000081700000, 0x0000000081600000| Untracked 
|  23|0x0000000081700000, 0x0000000081800000, 0x0000000081800000|100%| O|  |TAMS 0x0000000081800000, 0x0000000081700000| Untracked 
|  24|0x0000000081800000, 0x0000000081900000, 0x0000000081900000|100%| O|  |TAMS 0x0000000081900000, 0x0000000081800000| Untracked 
|  25|0x0000000081900000, 0x0000000081a00000, 0x0000000081a00000|100%| O|  |TAMS 0x0000000081a00000, 0x0000000081900000| Untracked 
|  26|0x0000000081a00000, 0x0000000081b00000, 0x0000000081b00000|100%| O|  |TAMS 0x0000000081b00000, 0x0000000081a00000| Untracked 
|  27|0x0000000081b00000, 0x0000000081c00000, 0x0000000081c00000|100%| O|  |TAMS 0x0000000081c00000, 0x0000000081b00000| Untracked 
|  28|0x0000000081c00000, 0x0000000081d00000, 0x0000000081d00000|100%| O|  |TAMS 0x0000000081d00000, 0x0000000081c00000| Untracked 
|  29|0x0000000081d00000, 0x0000000081e00000, 0x0000000081e00000|100%| O|  |TAMS 0x0000000081e00000, 0x0000000081d00000| Untracked 
|  30|0x0000000081e00000, 0x0000000081f00000, 0x0000000081f00000|100%| O|  |TAMS 0x0000000081f00000, 0x0000000081e00000| Untracked 
|  31|0x0000000081f00000, 0x0000000082000000, 0x0000000082000000|100%| O|  |TAMS 0x0000000082000000, 0x0000000081f00000| Untracked 
|  32|0x0000000082000000, 0x0000000082100000, 0x0000000082100000|100%| O|  |TAMS 0x0000000082100000, 0x0000000082000000| Untracked 
|  33|0x0000000082100000, 0x0000000082200000, 0x0000000082200000|100%| O|  |TAMS 0x0000000082200000, 0x0000000082100000| Untracked 
|  34|0x0000000082200000, 0x0000000082300000, 0x0000000082300000|100%| O|  |TAMS 0x0000000082300000, 0x0000000082200000| Untracked 
|  35|0x0000000082300000, 0x0000000082400000, 0x0000000082400000|100%| O|  |TAMS 0x0000000082400000, 0x0000000082300000| Untracked 
|  36|0x0000000082400000, 0x0000000082500000, 0x0000000082500000|100%| O|  |TAMS 0x0000000082500000, 0x0000000082400000| Untracked 
|  37|0x0000000082500000, 0x0000000082600000, 0x0000000082600000|100%| O|  |TAMS 0x0000000082600000, 0x0000000082500000| Untracked 
|  38|0x0000000082600000, 0x0000000082700000, 0x0000000082700000|100%| O|  |TAMS 0x0000000082700000, 0x0000000082600000| Untracked 
|  39|0x0000000082700000, 0x0000000082800000, 0x0000000082800000|100%| O|  |TAMS 0x0000000082800000, 0x0000000082700000| Untracked 
|  40|0x0000000082800000, 0x0000000082900000, 0x0000000082900000|100%| O|  |TAMS 0x0000000082900000, 0x0000000082800000| Untracked 
|  41|0x0000000082900000, 0x0000000082a00000, 0x0000000082a00000|100%| O|  |TAMS 0x0000000082a00000, 0x0000000082900000| Untracked 
|  42|0x0000000082a00000, 0x0000000082b00000, 0x0000000082b00000|100%| O|  |TAMS 0x0000000082ae7200, 0x0000000082a00000| Untracked 
|  43|0x0000000082b00000, 0x0000000082c00000, 0x0000000082c00000|100%| O|  |TAMS 0x0000000082b00000, 0x0000000082b00000| Untracked 
|  44|0x0000000082c00000, 0x0000000082d00000, 0x0000000082d00000|100%| O|  |TAMS 0x0000000082c00000, 0x0000000082c00000| Untracked 
|  45|0x0000000082d00000, 0x0000000082e00000, 0x0000000082e00000|100%| O|  |TAMS 0x0000000082d00000, 0x0000000082d00000| Untracked 
|  46|0x0000000082e00000, 0x0000000082f00000, 0x0000000082f00000|100%| O|  |TAMS 0x0000000082e00000, 0x0000000082e00000| Untracked 
|  47|0x0000000082f00000, 0x0000000083000000, 0x0000000083000000|100%| O|  |TAMS 0x0000000082f00000, 0x0000000082f00000| Untracked 
|  48|0x0000000083000000, 0x0000000083100000, 0x0000000083100000|100%| O|  |TAMS 0x0000000083000000, 0x0000000083000000| Untracked 
|  49|0x0000000083100000, 0x0000000083200000, 0x0000000083200000|100%| O|  |TAMS 0x0000000083100000, 0x0000000083100000| Untracked 
|  50|0x0000000083200000, 0x0000000083300000, 0x0000000083300000|100%| O|  |TAMS 0x0000000083200000, 0x0000000083200000| Untracked 
|  51|0x0000000083300000, 0x00000000833db000, 0x0000000083400000| 85%| O|  |TAMS 0x0000000083300000, 0x0000000083300000| Untracked 
|  52|0x0000000083400000, 0x0000000083400000, 0x0000000083500000|  0%| F|  |TAMS 0x0000000083400000, 0x0000000083400000| Untracked 
|  53|0x0000000083500000, 0x0000000083500000, 0x0000000083600000|  0%| F|  |TAMS 0x0000000083500000, 0x0000000083500000| Untracked 
|  54|0x0000000083600000, 0x0000000083600000, 0x0000000083700000|  0%| F|  |TAMS 0x0000000083600000, 0x0000000083600000| Untracked 
|  55|0x0000000083700000, 0x0000000083700000, 0x0000000083800000|  0%| F|  |TAMS 0x0000000083700000, 0x0000000083700000| Untracked 
|  56|0x0000000083800000, 0x0000000083800000, 0x0000000083900000|  0%| F|  |TAMS 0x0000000083800000, 0x0000000083800000| Untracked 
|  57|0x0000000083900000, 0x0000000083900000, 0x0000000083a00000|  0%| F|  |TAMS 0x0000000083900000, 0x0000000083900000| Untracked 
|  58|0x0000000083a00000, 0x0000000083a00000, 0x0000000083b00000|  0%| F|  |TAMS 0x0000000083a00000, 0x0000000083a00000| Untracked 
|  59|0x0000000083b00000, 0x0000000083b00000, 0x0000000083c00000|  0%| F|  |TAMS 0x0000000083b00000, 0x0000000083b00000| Untracked 
|  60|0x0000000083c00000, 0x0000000083c00000, 0x0000000083d00000|  0%| F|  |TAMS 0x0000000083c00000, 0x0000000083c00000| Untracked 
|  61|0x0000000083d00000, 0x0000000083d00000, 0x0000000083e00000|  0%| F|  |TAMS 0x0000000083d00000, 0x0000000083d00000| Untracked 
|  62|0x0000000083e00000, 0x0000000083e00000, 0x0000000083f00000|  0%| F|  |TAMS 0x0000000083e00000, 0x0000000083e00000| Untracked 
|  63|0x0000000083f00000, 0x0000000083f00000, 0x0000000084000000|  0%| F|  |TAMS 0x0000000083f00000, 0x0000000083f00000| Untracked 
|  64|0x0000000084000000, 0x0000000084000000, 0x0000000084100000|  0%| F|  |TAMS 0x0000000084000000, 0x0000000084000000| Untracked 
|  65|0x0000000084100000, 0x0000000084100000, 0x0000000084200000|  0%| F|  |TAMS 0x0000000084100000, 0x0000000084100000| Untracked 
|  66|0x0000000084200000, 0x0000000084200000, 0x0000000084300000|  0%| F|  |TAMS 0x0000000084200000, 0x0000000084200000| Untracked 
|  67|0x0000000084300000, 0x0000000084300000, 0x0000000084400000|  0%| F|  |TAMS 0x0000000084300000, 0x0000000084300000| Untracked 
|  68|0x0000000084400000, 0x0000000084400000, 0x0000000084500000|  0%| F|  |TAMS 0x0000000084400000, 0x0000000084400000| Untracked 
|  69|0x0000000084500000, 0x0000000084500000, 0x0000000084600000|  0%| F|  |TAMS 0x0000000084500000, 0x0000000084500000| Untracked 
|  70|0x0000000084600000, 0x0000000084600000, 0x0000000084700000|  0%| F|  |TAMS 0x0000000084600000, 0x0000000084600000| Untracked 
|  71|0x0000000084700000, 0x0000000084700000, 0x0000000084800000|  0%| F|  |TAMS 0x0000000084700000, 0x0000000084700000| Untracked 
|  72|0x0000000084800000, 0x0000000084800000, 0x0000000084900000|  0%| F|  |TAMS 0x0000000084800000, 0x0000000084800000| Untracked 
|  73|0x0000000084900000, 0x0000000084900000, 0x0000000084a00000|  0%| F|  |TAMS 0x0000000084900000, 0x0000000084900000| Untracked 
|  74|0x0000000084a00000, 0x0000000084a00000, 0x0000000084b00000|  0%| F|  |TAMS 0x0000000084a00000, 0x0000000084a00000| Untracked 
|  75|0x0000000084b00000, 0x0000000084b00000, 0x0000000084c00000|  0%| F|  |TAMS 0x0000000084b00000, 0x0000000084b00000| Untracked 
|  76|0x0000000084c00000, 0x0000000084c00000, 0x0000000084d00000|  0%| F|  |TAMS 0x0000000084c00000, 0x0000000084c00000| Untracked 
|  77|0x0000000084d00000, 0x0000000084d00000, 0x0000000084e00000|  0%| F|  |TAMS 0x0000000084d00000, 0x0000000084d00000| Untracked 
|  78|0x0000000084e00000, 0x0000000084e00000, 0x0000000084f00000|  0%| F|  |TAMS 0x0000000084e00000, 0x0000000084e00000| Untracked 
|  79|0x0000000084f00000, 0x0000000084f00000, 0x0000000085000000|  0%| F|  |TAMS 0x0000000084f00000, 0x0000000084f00000| Untracked 
|  80|0x0000000085000000, 0x0000000085000000, 0x0000000085100000|  0%| F|  |TAMS 0x0000000085000000, 0x0000000085000000| Untracked 
|  81|0x0000000085100000, 0x0000000085100000, 0x0000000085200000|  0%| F|  |TAMS 0x0000000085100000, 0x0000000085100000| Untracked 
|  82|0x0000000085200000, 0x0000000085200000, 0x0000000085300000|  0%| F|  |TAMS 0x0000000085200000, 0x0000000085200000| Untracked 
|  83|0x0000000085300000, 0x0000000085300000, 0x0000000085400000|  0%| F|  |TAMS 0x0000000085300000, 0x0000000085300000| Untracked 
|  84|0x0000000085400000, 0x0000000085400000, 0x0000000085500000|  0%| F|  |TAMS 0x0000000085400000, 0x0000000085400000| Untracked 
|  85|0x0000000085500000, 0x0000000085500000, 0x0000000085600000|  0%| F|  |TAMS 0x0000000085500000, 0x0000000085500000| Untracked 
|  86|0x0000000085600000, 0x0000000085600000, 0x0000000085700000|  0%| F|  |TAMS 0x0000000085600000, 0x0000000085600000| Untracked 
|  87|0x0000000085700000, 0x0000000085700000, 0x0000000085800000|  0%| F|  |TAMS 0x0000000085700000, 0x0000000085700000| Untracked 
|  88|0x0000000085800000, 0x0000000085800000, 0x0000000085900000|  0%| F|  |TAMS 0x0000000085800000, 0x0000000085800000| Untracked 
|  89|0x0000000085900000, 0x0000000085900000, 0x0000000085a00000|  0%| F|  |TAMS 0x0000000085900000, 0x0000000085900000| Untracked 
|  90|0x0000000085a00000, 0x0000000085a00000, 0x0000000085b00000|  0%| F|  |TAMS 0x0000000085a00000, 0x0000000085a00000| Untracked 
|  91|0x0000000085b00000, 0x0000000085b00000, 0x0000000085c00000|  0%| F|  |TAMS 0x0000000085b00000, 0x0000000085b00000| Untracked 
|  92|0x0000000085c00000, 0x0000000085c00000, 0x0000000085d00000|  0%| F|  |TAMS 0x0000000085c00000, 0x0000000085c00000| Untracked 
|  93|0x0000000085d00000, 0x0000000085d00000, 0x0000000085e00000|  0%| F|  |TAMS 0x0000000085d00000, 0x0000000085d00000| Untracked 
|  94|0x0000000085e00000, 0x0000000085e00000, 0x0000000085f00000|  0%| F|  |TAMS 0x0000000085e00000, 0x0000000085e00000| Untracked 
|  95|0x0000000085f00000, 0x0000000085f00000, 0x0000000086000000|  0%| F|  |TAMS 0x0000000085f00000, 0x0000000085f00000| Untracked 
|  96|0x0000000086000000, 0x0000000086000000, 0x0000000086100000|  0%| F|  |TAMS 0x0000000086000000, 0x0000000086000000| Untracked 
|  97|0x0000000086100000, 0x0000000086100000, 0x0000000086200000|  0%| F|  |TAMS 0x0000000086100000, 0x0000000086100000| Untracked 
|  98|0x0000000086200000, 0x0000000086200000, 0x0000000086300000|  0%| F|  |TAMS 0x0000000086200000, 0x0000000086200000| Untracked 
|  99|0x0000000086300000, 0x0000000086300000, 0x0000000086400000|  0%| F|  |TAMS 0x0000000086300000, 0x0000000086300000| Untracked 
| 100|0x0000000086400000, 0x0000000086400000, 0x0000000086500000|  0%| F|  |TAMS 0x0000000086400000, 0x0000000086400000| Untracked 
| 101|0x0000000086500000, 0x0000000086500000, 0x0000000086600000|  0%| F|  |TAMS 0x0000000086500000, 0x0000000086500000| Untracked 
| 102|0x0000000086600000, 0x0000000086600000, 0x0000000086700000|  0%| F|  |TAMS 0x0000000086600000, 0x0000000086600000| Untracked 
| 103|0x0000000086700000, 0x0000000086700000, 0x0000000086800000|  0%| F|  |TAMS 0x0000000086700000, 0x0000000086700000| Untracked 
| 104|0x0000000086800000, 0x0000000086800000, 0x0000000086900000|  0%| F|  |TAMS 0x0000000086800000, 0x0000000086800000| Untracked 
| 105|0x0000000086900000, 0x0000000086900000, 0x0000000086a00000|  0%| F|  |TAMS 0x0000000086900000, 0x0000000086900000| Untracked 
| 106|0x0000000086a00000, 0x0000000086a00000, 0x0000000086b00000|  0%| F|  |TAMS 0x0000000086a00000, 0x0000000086a00000| Untracked 
| 107|0x0000000086b00000, 0x0000000086b00000, 0x0000000086c00000|  0%| F|  |TAMS 0x0000000086b00000, 0x0000000086b00000| Untracked 
| 108|0x0000000086c00000, 0x0000000086c00000, 0x0000000086d00000|  0%| F|  |TAMS 0x0000000086c00000, 0x0000000086c00000| Untracked 
| 109|0x0000000086d00000, 0x0000000086d00000, 0x0000000086e00000|  0%| F|  |TAMS 0x0000000086d00000, 0x0000000086d00000| Untracked 
| 110|0x0000000086e00000, 0x0000000086e00000, 0x0000000086f00000|  0%| F|  |TAMS 0x0000000086e00000, 0x0000000086e00000| Untracked 
| 111|0x0000000086f00000, 0x0000000086f00000, 0x0000000087000000|  0%| F|  |TAMS 0x0000000086f00000, 0x0000000086f00000| Untracked 
| 112|0x0000000087000000, 0x0000000087000000, 0x0000000087100000|  0%| F|  |TAMS 0x0000000087000000, 0x0000000087000000| Untracked 
| 113|0x0000000087100000, 0x0000000087100000, 0x0000000087200000|  0%| F|  |TAMS 0x0000000087100000, 0x0000000087100000| Untracked 
| 114|0x0000000087200000, 0x0000000087200000, 0x0000000087300000|  0%| F|  |TAMS 0x0000000087200000, 0x0000000087200000| Untracked 
| 115|0x0000000087300000, 0x0000000087300000, 0x0000000087400000|  0%| F|  |TAMS 0x0000000087300000, 0x0000000087300000| Untracked 
| 116|0x0000000087400000, 0x0000000087400000, 0x0000000087500000|  0%| F|  |TAMS 0x0000000087400000, 0x0000000087400000| Untracked 
| 117|0x0000000087500000, 0x0000000087500000, 0x0000000087600000|  0%| F|  |TAMS 0x0000000087500000, 0x0000000087500000| Untracked 
| 118|0x0000000087600000, 0x0000000087600000, 0x0000000087700000|  0%| F|  |TAMS 0x0000000087600000, 0x0000000087600000| Untracked 
| 119|0x0000000087700000, 0x0000000087700000, 0x0000000087800000|  0%| F|  |TAMS 0x0000000087700000, 0x0000000087700000| Untracked 
| 120|0x0000000087800000, 0x0000000087800000, 0x0000000087900000|  0%| F|  |TAMS 0x0000000087800000, 0x0000000087800000| Untracked 
| 121|0x0000000087900000, 0x0000000087900000, 0x0000000087a00000|  0%| F|  |TAMS 0x0000000087900000, 0x0000000087900000| Untracked 
| 122|0x0000000087a00000, 0x0000000087a00000, 0x0000000087b00000|  0%| F|  |TAMS 0x0000000087a00000, 0x0000000087a00000| Untracked 
| 123|0x0000000087b00000, 0x0000000087b00000, 0x0000000087c00000|  0%| F|  |TAMS 0x0000000087b00000, 0x0000000087b00000| Untracked 
| 124|0x0000000087c00000, 0x0000000087c00000, 0x0000000087d00000|  0%| F|  |TAMS 0x0000000087c00000, 0x0000000087c00000| Untracked 
| 125|0x0000000087d00000, 0x0000000087d00000, 0x0000000087e00000|  0%| F|  |TAMS 0x0000000087d00000, 0x0000000087d00000| Untracked 
| 126|0x0000000087e00000, 0x0000000087ef6300, 0x0000000087f00000| 96%| S|CS|TAMS 0x0000000087e00000, 0x0000000087e00000| Complete 
| 127|0x0000000087f00000, 0x0000000088000000, 0x0000000088000000|100%| S|CS|TAMS 0x0000000087f00000, 0x0000000087f00000| Complete 
| 128|0x0000000088000000, 0x0000000088100000, 0x0000000088100000|100%| S|CS|TAMS 0x0000000088000000, 0x0000000088000000| Complete 
| 129|0x0000000088100000, 0x0000000088200000, 0x0000000088200000|100%| S|CS|TAMS 0x0000000088100000, 0x0000000088100000| Complete 
| 130|0x0000000088200000, 0x0000000088300000, 0x0000000088300000|100%| S|CS|TAMS 0x0000000088200000, 0x0000000088200000| Complete 
| 131|0x0000000088300000, 0x0000000088400000, 0x0000000088400000|100%| S|CS|TAMS 0x0000000088300000, 0x0000000088300000| Complete 
| 132|0x0000000088400000, 0x0000000088500000, 0x0000000088500000|100%| S|CS|TAMS 0x0000000088400000, 0x0000000088400000| Complete 
| 133|0x0000000088500000, 0x0000000088600000, 0x0000000088600000|100%| S|CS|TAMS 0x0000000088500000, 0x0000000088500000| Complete 
| 134|0x0000000088600000, 0x0000000088700000, 0x0000000088700000|100%| S|CS|TAMS 0x0000000088600000, 0x0000000088600000| Complete 
| 135|0x0000000088700000, 0x0000000088800000, 0x0000000088800000|100%| S|CS|TAMS 0x0000000088700000, 0x0000000088700000| Complete 
| 136|0x0000000088800000, 0x0000000088800000, 0x0000000088900000|  0%| F|  |TAMS 0x0000000088800000, 0x0000000088800000| Untracked 
| 137|0x0000000088900000, 0x0000000088900000, 0x0000000088a00000|  0%| F|  |TAMS 0x0000000088900000, 0x0000000088900000| Untracked 
| 138|0x0000000088a00000, 0x0000000088a00000, 0x0000000088b00000|  0%| F|  |TAMS 0x0000000088a00000, 0x0000000088a00000| Untracked 
| 139|0x0000000088b00000, 0x0000000088b00000, 0x0000000088c00000|  0%| F|  |TAMS 0x0000000088b00000, 0x0000000088b00000| Untracked 
| 140|0x0000000088c00000, 0x0000000088c00000, 0x0000000088d00000|  0%| F|  |TAMS 0x0000000088c00000, 0x0000000088c00000| Untracked 
| 141|0x0000000088d00000, 0x0000000088d00000, 0x0000000088e00000|  0%| F|  |TAMS 0x0000000088d00000, 0x0000000088d00000| Untracked 
| 142|0x0000000088e00000, 0x0000000088e00000, 0x0000000088f00000|  0%| F|  |TAMS 0x0000000088e00000, 0x0000000088e00000| Untracked 
| 143|0x0000000088f00000, 0x0000000089000000, 0x0000000089000000|100%| S|CS|TAMS 0x0000000088f00000, 0x0000000088f00000| Complete 
| 144|0x0000000089000000, 0x0000000089100000, 0x0000000089100000|100%| S|CS|TAMS 0x0000000089000000, 0x0000000089000000| Complete 
| 145|0x0000000089100000, 0x0000000089200000, 0x0000000089200000|100%| S|CS|TAMS 0x0000000089100000, 0x0000000089100000| Complete 
| 146|0x0000000089200000, 0x0000000089300000, 0x0000000089300000|100%| S|CS|TAMS 0x0000000089200000, 0x0000000089200000| Complete 
| 147|0x0000000089300000, 0x0000000089400000, 0x0000000089400000|100%| S|CS|TAMS 0x0000000089300000, 0x0000000089300000| Complete 
| 148|0x0000000089400000, 0x0000000089400000, 0x0000000089500000|  0%| F|  |TAMS 0x0000000089400000, 0x0000000089400000| Untracked 
| 149|0x0000000089500000, 0x0000000089500000, 0x0000000089600000|  0%| F|  |TAMS 0x0000000089500000, 0x0000000089500000| Untracked 
| 150|0x0000000089600000, 0x0000000089600000, 0x0000000089700000|  0%| F|  |TAMS 0x0000000089600000, 0x0000000089600000| Untracked 
| 151|0x0000000089700000, 0x0000000089700000, 0x0000000089800000|  0%| F|  |TAMS 0x0000000089700000, 0x0000000089700000| Untracked 
| 152|0x0000000089800000, 0x0000000089800000, 0x0000000089900000|  0%| F|  |TAMS 0x0000000089800000, 0x0000000089800000| Untracked 
| 153|0x0000000089900000, 0x0000000089900000, 0x0000000089a00000|  0%| F|  |TAMS 0x0000000089900000, 0x0000000089900000| Untracked 
| 154|0x0000000089a00000, 0x0000000089a00000, 0x0000000089b00000|  0%| F|  |TAMS 0x0000000089a00000, 0x0000000089a00000| Untracked 
| 155|0x0000000089b00000, 0x0000000089b00000, 0x0000000089c00000|  0%| F|  |TAMS 0x0000000089b00000, 0x0000000089b00000| Untracked 
| 156|0x0000000089c00000, 0x0000000089c00000, 0x0000000089d00000|  0%| F|  |TAMS 0x0000000089c00000, 0x0000000089c00000| Untracked 
| 157|0x0000000089d00000, 0x0000000089d00000, 0x0000000089e00000|  0%| F|  |TAMS 0x0000000089d00000, 0x0000000089d00000| Untracked 
| 158|0x0000000089e00000, 0x0000000089e00000, 0x0000000089f00000|  0%| F|  |TAMS 0x0000000089e00000, 0x0000000089e00000| Untracked 
| 159|0x0000000089f00000, 0x0000000089f00000, 0x000000008a000000|  0%| F|  |TAMS 0x0000000089f00000, 0x0000000089f00000| Untracked 
| 160|0x000000008a000000, 0x000000008a000000, 0x000000008a100000|  0%| F|  |TAMS 0x000000008a000000, 0x000000008a000000| Untracked 
| 161|0x000000008a100000, 0x000000008a100000, 0x000000008a200000|  0%| F|  |TAMS 0x000000008a100000, 0x000000008a100000| Untracked 
| 162|0x000000008a200000, 0x000000008a200000, 0x000000008a300000|  0%| F|  |TAMS 0x000000008a200000, 0x000000008a200000| Untracked 
| 163|0x000000008a300000, 0x000000008a300000, 0x000000008a400000|  0%| F|  |TAMS 0x000000008a300000, 0x000000008a300000| Untracked 
| 164|0x000000008a400000, 0x000000008a400000, 0x000000008a500000|  0%| F|  |TAMS 0x000000008a400000, 0x000000008a400000| Untracked 
| 165|0x000000008a500000, 0x000000008a500000, 0x000000008a600000|  0%| F|  |TAMS 0x000000008a500000, 0x000000008a500000| Untracked 
| 166|0x000000008a600000, 0x000000008a600000, 0x000000008a700000|  0%| F|  |TAMS 0x000000008a600000, 0x000000008a600000| Untracked 
| 167|0x000000008a700000, 0x000000008a700000, 0x000000008a800000|  0%| F|  |TAMS 0x000000008a700000, 0x000000008a700000| Untracked 
| 168|0x000000008a800000, 0x000000008a800000, 0x000000008a900000|  0%| F|  |TAMS 0x000000008a800000, 0x000000008a800000| Untracked 
| 169|0x000000008a900000, 0x000000008a900000, 0x000000008aa00000|  0%| F|  |TAMS 0x000000008a900000, 0x000000008a900000| Untracked 
| 170|0x000000008aa00000, 0x000000008aa00000, 0x000000008ab00000|  0%| F|  |TAMS 0x000000008aa00000, 0x000000008aa00000| Untracked 
| 171|0x000000008ab00000, 0x000000008ab00000, 0x000000008ac00000|  0%| F|  |TAMS 0x000000008ab00000, 0x000000008ab00000| Untracked 
| 172|0x000000008ac00000, 0x000000008ac00000, 0x000000008ad00000|  0%| F|  |TAMS 0x000000008ac00000, 0x000000008ac00000| Untracked 
| 173|0x000000008ad00000, 0x000000008ad00000, 0x000000008ae00000|  0%| F|  |TAMS 0x000000008ad00000, 0x000000008ad00000| Untracked 
| 174|0x000000008ae00000, 0x000000008ae00000, 0x000000008af00000|  0%| F|  |TAMS 0x000000008ae00000, 0x000000008ae00000| Untracked 
| 175|0x000000008af00000, 0x000000008af00000, 0x000000008b000000|  0%| F|  |TAMS 0x000000008af00000, 0x000000008af00000| Untracked 
| 176|0x000000008b000000, 0x000000008b000000, 0x000000008b100000|  0%| F|  |TAMS 0x000000008b000000, 0x000000008b000000| Untracked 
| 177|0x000000008b100000, 0x000000008b100000, 0x000000008b200000|  0%| F|  |TAMS 0x000000008b100000, 0x000000008b100000| Untracked 
| 178|0x000000008b200000, 0x000000008b200000, 0x000000008b300000|  0%| F|  |TAMS 0x000000008b200000, 0x000000008b200000| Untracked 
| 179|0x000000008b300000, 0x000000008b300000, 0x000000008b400000|  0%| F|  |TAMS 0x000000008b300000, 0x000000008b300000| Untracked 
| 180|0x000000008b400000, 0x000000008b400000, 0x000000008b500000|  0%| F|  |TAMS 0x000000008b400000, 0x000000008b400000| Untracked 
| 181|0x000000008b500000, 0x000000008b500000, 0x000000008b600000|  0%| F|  |TAMS 0x000000008b500000, 0x000000008b500000| Untracked 
| 182|0x000000008b600000, 0x000000008b600000, 0x000000008b700000|  0%| F|  |TAMS 0x000000008b600000, 0x000000008b600000| Untracked 
| 183|0x000000008b700000, 0x000000008b700000, 0x000000008b800000|  0%| F|  |TAMS 0x000000008b700000, 0x000000008b700000| Untracked 
| 184|0x000000008b800000, 0x000000008b800000, 0x000000008b900000|  0%| F|  |TAMS 0x000000008b800000, 0x000000008b800000| Untracked 
| 185|0x000000008b900000, 0x000000008b900000, 0x000000008ba00000|  0%| F|  |TAMS 0x000000008b900000, 0x000000008b900000| Untracked 
| 186|0x000000008ba00000, 0x000000008ba00000, 0x000000008bb00000|  0%| F|  |TAMS 0x000000008ba00000, 0x000000008ba00000| Untracked 
| 187|0x000000008bb00000, 0x000000008bb00000, 0x000000008bc00000|  0%| F|  |TAMS 0x000000008bb00000, 0x000000008bb00000| Untracked 
| 188|0x000000008bc00000, 0x000000008bc00000, 0x000000008bd00000|  0%| F|  |TAMS 0x000000008bc00000, 0x000000008bc00000| Untracked 
| 189|0x000000008bd00000, 0x000000008bd00000, 0x000000008be00000|  0%| F|  |TAMS 0x000000008bd00000, 0x000000008bd00000| Untracked 
| 190|0x000000008be00000, 0x000000008be00000, 0x000000008bf00000|  0%| F|  |TAMS 0x000000008be00000, 0x000000008be00000| Untracked 
| 191|0x000000008bf00000, 0x000000008bf00000, 0x000000008c000000|  0%| F|  |TAMS 0x000000008bf00000, 0x000000008bf00000| Untracked 
| 192|0x000000008c000000, 0x000000008c000000, 0x000000008c100000|  0%| F|  |TAMS 0x000000008c000000, 0x000000008c000000| Untracked 
| 193|0x000000008c100000, 0x000000008c100000, 0x000000008c200000|  0%| F|  |TAMS 0x000000008c100000, 0x000000008c100000| Untracked 
| 194|0x000000008c200000, 0x000000008c200000, 0x000000008c300000|  0%| F|  |TAMS 0x000000008c200000, 0x000000008c200000| Untracked 
| 195|0x000000008c300000, 0x000000008c300000, 0x000000008c400000|  0%| F|  |TAMS 0x000000008c300000, 0x000000008c300000| Untracked 
| 196|0x000000008c400000, 0x000000008c400000, 0x000000008c500000|  0%| F|  |TAMS 0x000000008c400000, 0x000000008c400000| Untracked 
| 197|0x000000008c500000, 0x000000008c500000, 0x000000008c600000|  0%| F|  |TAMS 0x000000008c500000, 0x000000008c500000| Untracked 
| 198|0x000000008c600000, 0x000000008c600000, 0x000000008c700000|  0%| F|  |TAMS 0x000000008c600000, 0x000000008c600000| Untracked 
| 199|0x000000008c700000, 0x000000008c700000, 0x000000008c800000|  0%| F|  |TAMS 0x000000008c700000, 0x000000008c700000| Untracked 
| 200|0x000000008c800000, 0x000000008c800000, 0x000000008c900000|  0%| F|  |TAMS 0x000000008c800000, 0x000000008c800000| Untracked 
| 201|0x000000008c900000, 0x000000008c900000, 0x000000008ca00000|  0%| F|  |TAMS 0x000000008c900000, 0x000000008c900000| Untracked 
| 202|0x000000008ca00000, 0x000000008ca00000, 0x000000008cb00000|  0%| F|  |TAMS 0x000000008ca00000, 0x000000008ca00000| Untracked 
| 203|0x000000008cb00000, 0x000000008cb00000, 0x000000008cc00000|  0%| F|  |TAMS 0x000000008cb00000, 0x000000008cb00000| Untracked 
| 204|0x000000008cc00000, 0x000000008cc00000, 0x000000008cd00000|  0%| F|  |TAMS 0x000000008cc00000, 0x000000008cc00000| Untracked 
| 205|0x000000008cd00000, 0x000000008cd00000, 0x000000008ce00000|  0%| F|  |TAMS 0x000000008cd00000, 0x000000008cd00000| Untracked 
| 206|0x000000008ce00000, 0x000000008ce00000, 0x000000008cf00000|  0%| F|  |TAMS 0x000000008ce00000, 0x000000008ce00000| Untracked 
| 207|0x000000008cf00000, 0x000000008cf00000, 0x000000008d000000|  0%| F|  |TAMS 0x000000008cf00000, 0x000000008cf00000| Untracked 
| 208|0x000000008d000000, 0x000000008d000000, 0x000000008d100000|  0%| F|  |TAMS 0x000000008d000000, 0x000000008d000000| Untracked 
| 209|0x000000008d100000, 0x000000008d100000, 0x000000008d200000|  0%| F|  |TAMS 0x000000008d100000, 0x000000008d100000| Untracked 
| 210|0x000000008d200000, 0x000000008d200000, 0x000000008d300000|  0%| F|  |TAMS 0x000000008d200000, 0x000000008d200000| Untracked 
| 211|0x000000008d300000, 0x000000008d300000, 0x000000008d400000|  0%| F|  |TAMS 0x000000008d300000, 0x000000008d300000| Untracked 
| 212|0x000000008d400000, 0x000000008d400000, 0x000000008d500000|  0%| F|  |TAMS 0x000000008d400000, 0x000000008d400000| Untracked 
| 213|0x000000008d500000, 0x000000008d500000, 0x000000008d600000|  0%| F|  |TAMS 0x000000008d500000, 0x000000008d500000| Untracked 
| 214|0x000000008d600000, 0x000000008d600000, 0x000000008d700000|  0%| F|  |TAMS 0x000000008d600000, 0x000000008d600000| Untracked 
| 215|0x000000008d700000, 0x000000008d74f6e0, 0x000000008d800000| 31%| E|  |TAMS 0x000000008d700000, 0x000000008d700000| Complete 
| 216|0x000000008d800000, 0x000000008d900000, 0x000000008d900000|100%| E|CS|TAMS 0x000000008d800000, 0x000000008d800000| Complete 
| 217|0x000000008d900000, 0x000000008da00000, 0x000000008da00000|100%| E|  |TAMS 0x000000008d900000, 0x000000008d900000| Complete 
| 218|0x000000008da00000, 0x000000008db00000, 0x000000008db00000|100%| E|CS|TAMS 0x000000008da00000, 0x000000008da00000| Complete 
| 219|0x000000008db00000, 0x000000008dc00000, 0x000000008dc00000|100%| E|CS|TAMS 0x000000008db00000, 0x000000008db00000| Complete 
| 220|0x000000008dc00000, 0x000000008dd00000, 0x000000008dd00000|100%| E|CS|TAMS 0x000000008dc00000, 0x000000008dc00000| Complete 
| 221|0x000000008dd00000, 0x000000008de00000, 0x000000008de00000|100%| E|CS|TAMS 0x000000008dd00000, 0x000000008dd00000| Complete 
| 222|0x000000008de00000, 0x000000008df00000, 0x000000008df00000|100%| E|CS|TAMS 0x000000008de00000, 0x000000008de00000| Complete 
| 223|0x000000008df00000, 0x000000008e000000, 0x000000008e000000|100%| E|CS|TAMS 0x000000008df00000, 0x000000008df00000| Complete 
| 224|0x000000008e000000, 0x000000008e100000, 0x000000008e100000|100%| E|CS|TAMS 0x000000008e000000, 0x000000008e000000| Complete 
| 225|0x000000008e100000, 0x000000008e200000, 0x000000008e200000|100%| E|CS|TAMS 0x000000008e100000, 0x000000008e100000| Complete 
| 226|0x000000008e200000, 0x000000008e300000, 0x000000008e300000|100%| E|CS|TAMS 0x000000008e200000, 0x000000008e200000| Complete 
| 227|0x000000008e300000, 0x000000008e400000, 0x000000008e400000|100%| E|CS|TAMS 0x000000008e300000, 0x000000008e300000| Complete 
| 228|0x000000008e400000, 0x000000008e500000, 0x000000008e500000|100%| E|CS|TAMS 0x000000008e400000, 0x000000008e400000| Complete 
| 229|0x000000008e500000, 0x000000008e600000, 0x000000008e600000|100%| E|CS|TAMS 0x000000008e500000, 0x000000008e500000| Complete 
| 230|0x000000008e600000, 0x000000008e700000, 0x000000008e700000|100%| E|CS|TAMS 0x000000008e600000, 0x000000008e600000| Complete 
| 231|0x000000008e700000, 0x000000008e800000, 0x000000008e800000|100%| E|CS|TAMS 0x000000008e700000, 0x000000008e700000| Complete 
| 232|0x000000008e800000, 0x000000008e900000, 0x000000008e900000|100%| E|CS|TAMS 0x000000008e800000, 0x000000008e800000| Complete 
| 233|0x000000008e900000, 0x000000008ea00000, 0x000000008ea00000|100%| E|CS|TAMS 0x000000008e900000, 0x000000008e900000| Complete 
| 234|0x000000008ea00000, 0x000000008eb00000, 0x000000008eb00000|100%| E|CS|TAMS 0x000000008ea00000, 0x000000008ea00000| Complete 
| 235|0x000000008eb00000, 0x000000008ec00000, 0x000000008ec00000|100%| E|CS|TAMS 0x000000008eb00000, 0x000000008eb00000| Complete 
| 236|0x000000008ec00000, 0x000000008ed00000, 0x000000008ed00000|100%| E|CS|TAMS 0x000000008ec00000, 0x000000008ec00000| Complete 
| 237|0x000000008ed00000, 0x000000008ee00000, 0x000000008ee00000|100%| E|CS|TAMS 0x000000008ed00000, 0x000000008ed00000| Complete 
| 238|0x000000008ee00000, 0x000000008ef00000, 0x000000008ef00000|100%| E|CS|TAMS 0x000000008ee00000, 0x000000008ee00000| Complete 
| 239|0x000000008ef00000, 0x000000008f000000, 0x000000008f000000|100%| E|CS|TAMS 0x000000008ef00000, 0x000000008ef00000| Complete 
| 240|0x000000008f000000, 0x000000008f100000, 0x000000008f100000|100%| E|CS|TAMS 0x000000008f000000, 0x000000008f000000| Complete 
| 241|0x000000008f100000, 0x000000008f200000, 0x000000008f200000|100%| E|CS|TAMS 0x000000008f100000, 0x000000008f100000| Complete 
| 242|0x000000008f200000, 0x000000008f300000, 0x000000008f300000|100%| E|CS|TAMS 0x000000008f200000, 0x000000008f200000| Complete 
| 243|0x000000008f300000, 0x000000008f400000, 0x000000008f400000|100%| E|CS|TAMS 0x000000008f300000, 0x000000008f300000| Complete 
| 244|0x000000008f400000, 0x000000008f500000, 0x000000008f500000|100%| E|CS|TAMS 0x000000008f400000, 0x000000008f400000| Complete 
| 245|0x000000008f500000, 0x000000008f600000, 0x000000008f600000|100%| E|CS|TAMS 0x000000008f500000, 0x000000008f500000| Complete 
| 246|0x000000008f600000, 0x000000008f700000, 0x000000008f700000|100%| E|CS|TAMS 0x000000008f600000, 0x000000008f600000| Complete 
| 247|0x000000008f700000, 0x000000008f800000, 0x000000008f800000|100%| E|CS|TAMS 0x000000008f700000, 0x000000008f700000| Complete 
| 248|0x000000008f800000, 0x000000008f900000, 0x000000008f900000|100%| E|CS|TAMS 0x000000008f800000, 0x000000008f800000| Complete 
| 249|0x000000008f900000, 0x000000008fa00000, 0x000000008fa00000|100%| E|CS|TAMS 0x000000008f900000, 0x000000008f900000| Complete 
| 250|0x000000008fa00000, 0x000000008fb00000, 0x000000008fb00000|100%| E|CS|TAMS 0x000000008fa00000, 0x000000008fa00000| Complete 
| 251|0x000000008fb00000, 0x000000008fc00000, 0x000000008fc00000|100%| E|CS|TAMS 0x000000008fb00000, 0x000000008fb00000| Complete 
| 252|0x000000008fc00000, 0x000000008fd00000, 0x000000008fd00000|100%| E|CS|TAMS 0x000000008fc00000, 0x000000008fc00000| Complete 
| 253|0x000000008fd00000, 0x000000008fe00000, 0x000000008fe00000|100%| E|CS|TAMS 0x000000008fd00000, 0x000000008fd00000| Complete 

Card table byte_map: [0x000001f4710d0000,0x000001f4714d0000] _byte_map_base: 0x000001f470cd0000

Marking Bits (Prev, Next): (CMBitMap*) 0x000001f45decdab0, (CMBitMap*) 0x000001f45decda78
 Prev Bits: [0x000001f4738d0000, 0x000001f4758d0000)
 Next Bits: [0x000001f4718d0000, 0x000001f4738d0000)

Polling page: 0x000001f45d660000

Metaspace:

Usage:
  Non-class:     73.35 MB capacity,    72.13 MB ( 98%) used,  1018.63 KB (  1%) free+waste,   231.94 KB ( <1%) overhead. 
      Class:     11.41 MB capacity,    10.65 MB ( 93%) used,   673.88 KB (  6%) free+waste,   106.63 KB ( <1%) overhead. 
       Both:     84.76 MB capacity,    82.78 MB ( 98%) used,     1.65 MB (  2%) free+waste,   338.56 KB ( <1%) overhead. 

Virtual space:
  Non-class space:       74.00 MB reserved,      73.59 MB (>99%) committed 
      Class space:        1.00 GB reserved,      11.45 MB (  1%) committed 
             Both:        1.07 GB reserved,      85.04 MB (  8%) committed 

Chunk freelists:
   Non-Class:  49.00 KB
       Class:  0 bytes
        Both:  49.00 KB

MaxMetaspaceSize: 17179869184.00 GB
CompressedClassSpaceSize: 1.00 GB
Initial GC threshold: 20.80 MB
Current GC threshold: 97.98 MB
CDS: off

CodeHeap 'non-profiled nmethods': size=120000Kb used=5526Kb max_used=5526Kb free=114473Kb
 bounds [0x000001f469470000, 0x000001f4699e0000, 0x000001f4709a0000]
CodeHeap 'profiled nmethods': size=120000Kb used=19687Kb max_used=19687Kb free=100312Kb
 bounds [0x000001f461f40000, 0x000001f463280000, 0x000001f469470000]
CodeHeap 'non-nmethods': size=5760Kb used=2364Kb max_used=2425Kb free=3395Kb
 bounds [0x000001f4619a0000, 0x000001f461c10000, 0x000001f461f40000]
 total_blobs=9916 nmethods=9033 adapters=794
 compilation: enabled
              stopped_count=0, restarted_count=0
 full_count=0

Compilation events (20 events):
Event: 36.936 Thread 0x000001f478c0f800 8931       3       sun.nio.fs.WindowsNativeDispatcher::CloseNtQueryDirectoryInformation (8 bytes)
Event: 36.936 Thread 0x000001f478c0f800 nmethod 8931 0x000001f463224810 code [0x000001f4632249c0, 0x000001f463224ac8]
Event: 36.936 Thread 0x000001f478c0f800 8932       3       org.gradle.internal.snapshot.impl.DirectorySnapshotterStatistics$CollectingFileVisitor::postVisitDirectory (10 bytes)
Event: 36.937 Thread 0x000001f478c0f800 nmethod 8932 0x000001f463224b90 code [0x000001f463224d60, 0x000001f463225068]
Event: 36.961 Thread 0x000001f478c0f800 8933       3       org.gradle.internal.snapshot.MerkleDirectorySnapshotBuilder$Directory::fold (145 bytes)
Event: 36.965 Thread 0x000001f478c0f800 nmethod 8933 0x000001f463225190 code [0x000001f463225700, 0x000001f463228688]
Event: 36.990 Thread 0x000001f478c0f800 8934   !   3       java.util.concurrent.locks.AbstractQueuedSynchronizer::doAcquireInterruptibly (74 bytes)
Event: 36.991 Thread 0x000001f478c0f800 nmethod 8934 0x000001f463229890 code [0x000001f463229b40, 0x000001f46322a778]
Event: 37.003 Thread 0x000001f478c0f800 8936       3       sun.nio.fs.WindowsPath::needsSlashWhenResolving (37 bytes)
Event: 37.004 Thread 0x000001f478c0f800 nmethod 8936 0x000001f46322ad10 code [0x000001f46322af40, 0x000001f46322b5a8]
Event: 37.004 Thread 0x000001f478c0f800 8937       3       org.gradle.internal.snapshot.impl.DirectorySnapshotter$PathVisitor::doPreVisitDirectory (100 bytes)
Event: 37.006 Thread 0x000001f478c0f800 nmethod 8937 0x000001f46322b890 code [0x000001f46322bbc0, 0x000001f46322cf68]
Event: 37.006 Thread 0x000001f478c0f800 8938       3       org.gradle.internal.snapshot.MerkleDirectorySnapshotBuilder$Directory::<init> (43 bytes)
Event: 37.007 Thread 0x000001f478c0f800 nmethod 8938 0x000001f46322d610 code [0x000001f46322d800, 0x000001f46322ddd8]
Event: 37.020 Thread 0x000001f478c0f800 8939       3       org.gradle.internal.snapshot.impl.DirectorySnapshotter$PathVisitor::doPostVisitDirectory (60 bytes)
Event: 37.022 Thread 0x000001f478c0f800 nmethod 8939 0x000001f46322df90 code [0x000001f46322e2c0, 0x000001f46322f6b8]
Event: 37.022 Thread 0x000001f478c0f800 8940       3       org.gradle.internal.snapshot.impl.DirectorySnapshotter$PathVisitor::isNotFileSystemLoopException (17 bytes)
Event: 37.023 Thread 0x000001f478c0f800 nmethod 8940 0x000001f46322fd10 code [0x000001f46322fec0, 0x000001f463230198]
Event: 37.068 Thread 0x000001f478c0f800 8941       3       com.google.common.cache.LocalCache$StrongValueReference::copyFor (2 bytes)
Event: 37.068 Thread 0x000001f478c0f800 nmethod 8941 0x000001f463230290 code [0x000001f463230440, 0x000001f463230538]

GC Heap History (20 events):
Event: 4.210 GC heap before
{Heap before GC invocations=1 (full 0):
 garbage-first heap   total 260096K, used 113567K [0x0000000080000000, 0x0000000100000000)
  region size 1024K, 106 young (108544K), 3 survivors (3072K)
 Metaspace       used 20804K, capacity 21189K, committed 21296K, reserved 1069056K
  class space    used 2526K, capacity 2688K, committed 2688K, reserved 1048576K
}
Event: 4.223 GC heap after
{Heap after GC invocations=2 (full 0):
 garbage-first heap   total 260096K, used 17015K [0x0000000080000000, 0x0000000100000000)
  region size 1024K, 11 young (11264K), 11 survivors (11264K)
 Metaspace       used 20804K, capacity 21189K, committed 21296K, reserved 1069056K
  class space    used 2526K, capacity 2688K, committed 2688K, reserved 1048576K
}
Event: 4.649 GC heap before
{Heap before GC invocations=3 (full 0):
 garbage-first heap   total 260096K, used 37495K [0x0000000080000000, 0x0000000100000000)
  region size 1024K, 32 young (32768K), 11 survivors (11264K)
 Metaspace       used 22634K, capacity 23134K, committed 23216K, reserved 1069056K
  class space    used 2860K, capacity 3064K, committed 3072K, reserved 1048576K
}
Event: 4.658 GC heap after
{Heap after GC invocations=4 (full 0):
 garbage-first heap   total 260096K, used 18406K [0x0000000080000000, 0x0000000100000000)
  region size 1024K, 2 young (2048K), 2 survivors (2048K)
 Metaspace       used 22634K, capacity 23134K, committed 23216K, reserved 1069056K
  class space    used 2860K, capacity 3064K, committed 3072K, reserved 1048576K
}
Event: 7.068 GC heap before
{Heap before GC invocations=4 (full 0):
 garbage-first heap   total 260096K, used 97254K [0x0000000080000000, 0x0000000100000000)
  region size 1024K, 79 young (80896K), 2 survivors (2048K)
 Metaspace       used 30663K, capacity 31357K, committed 31408K, reserved 1077248K
  class space    used 4061K, capacity 4320K, committed 4352K, reserved 1048576K
}
Event: 7.072 GC heap after
{Heap after GC invocations=5 (full 0):
 garbage-first heap   total 260096K, used 20573K [0x0000000080000000, 0x0000000100000000)
  region size 1024K, 4 young (4096K), 4 survivors (4096K)
 Metaspace       used 30663K, capacity 31357K, committed 31408K, reserved 1077248K
  class space    used 4061K, capacity 4320K, committed 4352K, reserved 1048576K
}
Event: 7.795 GC heap before
{Heap before GC invocations=5 (full 0):
 garbage-first heap   total 260096K, used 32861K [0x0000000080000000, 0x0000000100000000)
  region size 1024K, 17 young (17408K), 4 survivors (4096K)
 Metaspace       used 34859K, capacity 35617K, committed 35708K, reserved 1081344K
  class space    used 4464K, capacity 4782K, committed 4812K, reserved 1048576K
}
Event: 7.807 GC heap after
{Heap after GC invocations=6 (full 0):
 garbage-first heap   total 260096K, used 22496K [0x0000000080000000, 0x0000000100000000)
  region size 1024K, 6 young (6144K), 6 survivors (6144K)
 Metaspace       used 34859K, capacity 35617K, committed 35708K, reserved 1081344K
  class space    used 4464K, capacity 4782K, committed 4812K, reserved 1048576K
}
Event: 10.968 GC heap before
{Heap before GC invocations=7 (full 0):
 garbage-first heap   total 260096K, used 145376K [0x0000000080000000, 0x0000000100000000)
  region size 1024K, 123 young (125952K), 6 survivors (6144K)
 Metaspace       used 45102K, capacity 46159K, committed 46332K, reserved 1089536K
  class space    used 5721K, capacity 6107K, committed 6220K, reserved 1048576K
}
Event: 10.987 GC heap after
{Heap after GC invocations=8 (full 0):
 garbage-first heap   total 260096K, used 30010K [0x0000000080000000, 0x0000000100000000)
  region size 1024K, 13 young (13312K), 13 survivors (13312K)
 Metaspace       used 45102K, capacity 46159K, committed 46332K, reserved 1089536K
  class space    used 5721K, capacity 6107K, committed 6220K, reserved 1048576K
}
Event: 15.269 GC heap before
{Heap before GC invocations=8 (full 0):
 garbage-first heap   total 260096K, used 170298K [0x0000000080000000, 0x0000000100000000)
  region size 1024K, 146 young (149504K), 13 survivors (13312K)
 Metaspace       used 54249K, capacity 55660K, committed 55804K, reserved 1097728K
  class space    used 6878K, capacity 7408K, committed 7500K, reserved 1048576K
}
Event: 15.287 GC heap after
{Heap after GC invocations=9 (full 0):
 garbage-first heap   total 260096K, used 43899K [0x0000000080000000, 0x0000000100000000)
  region size 1024K, 19 young (19456K), 19 survivors (19456K)
 Metaspace       used 54249K, capacity 55660K, committed 55804K, reserved 1097728K
  class space    used 6878K, capacity 7408K, committed 7500K, reserved 1048576K
}
Event: 16.297 GC heap before
{Heap before GC invocations=9 (full 0):
 garbage-first heap   total 260096K, used 72571K [0x0000000080000000, 0x0000000100000000)
  region size 1024K, 48 young (49152K), 19 survivors (19456K)
 Metaspace       used 58446K, capacity 59829K, committed 59940K, reserved 1101824K
  class space    used 7319K, capacity 7854K, committed 7884K, reserved 1048576K
}
Event: 16.333 GC heap after
{Heap after GC invocations=10 (full 0):
 garbage-first heap   total 260096K, used 47373K [0x0000000080000000, 0x0000000100000000)
  region size 1024K, 4 young (4096K), 4 survivors (4096K)
 Metaspace       used 58446K, capacity 59829K, committed 59940K, reserved 1101824K
  class space    used 7319K, capacity 7854K, committed 7884K, reserved 1048576K
}
Event: 19.659 GC heap before
{Heap before GC invocations=11 (full 0):
 garbage-first heap   total 260096K, used 153869K [0x0000000080000000, 0x0000000100000000)
  region size 1024K, 101 young (103424K), 4 survivors (4096K)
 Metaspace       used 66295K, capacity 67815K, committed 67876K, reserved 1107968K
  class space    used 8331K, capacity 8899K, committed 8908K, reserved 1048576K
}
Event: 19.669 GC heap after
{Heap after GC invocations=12 (full 0):
 garbage-first heap   total 260096K, used 53477K [0x0000000080000000, 0x0000000100000000)
  region size 1024K, 10 young (10240K), 10 survivors (10240K)
 Metaspace       used 66295K, capacity 67815K, committed 67876K, reserved 1107968K
  class space    used 8331K, capacity 8899K, committed 8908K, reserved 1048576K
}
Event: 22.899 GC heap before
{Heap before GC invocations=12 (full 0):
 garbage-first heap   total 260096K, used 156901K [0x0000000080000000, 0x0000000100000000)
  region size 1024K, 111 young (113664K), 10 survivors (10240K)
 Metaspace       used 74429K, capacity 76180K, committed 76452K, reserved 1116160K
  class space    used 9580K, capacity 10221K, committed 10316K, reserved 1048576K
}
Event: 22.915 GC heap after
{Heap after GC invocations=13 (full 0):
 garbage-first heap   total 260096K, used 60026K [0x0000000080000000, 0x0000000100000000)
  region size 1024K, 7 young (7168K), 7 survivors (7168K)
 Metaspace       used 74429K, capacity 76180K, committed 76452K, reserved 1116160K
  class space    used 9580K, capacity 10221K, committed 10316K, reserved 1048576K
}
Event: 35.866 GC heap before
{Heap before GC invocations=13 (full 0):
 garbage-first heap   total 260096K, used 167546K [0x0000000080000000, 0x0000000100000000)
  region size 1024K, 113 young (115712K), 7 survivors (7168K)
 Metaspace       used 84355K, capacity 86338K, committed 86564K, reserved 1124352K
  class space    used 10864K, capacity 11640K, committed 11724K, reserved 1048576K
}
Event: 35.886 GC heap after
{Heap after GC invocations=14 (full 0):
 garbage-first heap   total 260096K, used 68420K [0x0000000080000000, 0x0000000100000000)
  region size 1024K, 15 young (15360K), 15 survivors (15360K)
 Metaspace       used 84355K, capacity 86338K, committed 86564K, reserved 1124352K
  class space    used 10864K, capacity 11640K, committed 11724K, reserved 1048576K
}

Deoptimization events (20 events):
Event: 36.821 Thread 0x000001f47b485000 Uncommon trap: trap_request=0xffffffd6 fr.pc=0x000001f4699c8d6c relative=0x00000000000007ac
Event: 36.821 Thread 0x000001f47b485000 Uncommon trap: reason=array_check action=maybe_recompile pc=0x000001f4699c8d6c method=java.util.TimSort.binarySort([Ljava/lang/Object;IIILjava/util/Comparator;)V @ 193 c2
Event: 36.821 Thread 0x000001f47b485000 DEOPT PACKING pc=0x000001f4699c8d6c sp=0x0000003f78bfda30
Event: 36.822 Thread 0x000001f47b485000 DEOPT UNPACKING pc=0x000001f4619ea1af sp=0x0000003f78bfd9d8 mode 2
Event: 36.857 Thread 0x000001f47b174800 Uncommon trap: trap_request=0xffffffd6 fr.pc=0x000001f4699c8d6c relative=0x00000000000007ac
Event: 36.857 Thread 0x000001f47b174800 Uncommon trap: reason=array_check action=maybe_recompile pc=0x000001f4699c8d6c method=java.util.TimSort.binarySort([Ljava/lang/Object;IIILjava/util/Comparator;)V @ 193 c2
Event: 36.857 Thread 0x000001f47b174800 DEOPT PACKING pc=0x000001f4699c8d6c sp=0x0000003f7b2fdd90
Event: 36.857 Thread 0x000001f47b174800 DEOPT UNPACKING pc=0x000001f4619ea1af sp=0x0000003f7b2fdd38 mode 2
Event: 36.860 Thread 0x000001f47b47d000 Uncommon trap: trap_request=0xffffffc6 fr.pc=0x000001f469994b88 relative=0x00000000000009e8
Event: 36.860 Thread 0x000001f47b47d000 Uncommon trap: reason=bimorphic_or_optimized_type_check action=maybe_recompile pc=0x000001f469994b88 method=java.io.BufferedInputStream.read1([BII)I @ 39 c2
Event: 36.860 Thread 0x000001f47b47d000 DEOPT PACKING pc=0x000001f469994b88 sp=0x0000003f77cfdf70
Event: 36.860 Thread 0x000001f47b47d000 DEOPT UNPACKING pc=0x000001f4619ea1af sp=0x0000003f77cfde88 mode 2
Event: 36.861 Thread 0x000001f47b47d000 Uncommon trap: trap_request=0xffffff4d fr.pc=0x000001f4699a1e7c relative=0x000000000000031c
Event: 36.861 Thread 0x000001f47b47d000 Uncommon trap: reason=unstable_if action=reinterpret pc=0x000001f4699a1e7c method=com.esotericsoftware.kryo.io.Input.readVarInt(Z)I @ 81 c2
Event: 36.861 Thread 0x000001f47b47d000 DEOPT PACKING pc=0x000001f4699a1e7c sp=0x0000003f77cfe230
Event: 36.861 Thread 0x000001f47b47d000 DEOPT UNPACKING pc=0x000001f4619ea1af sp=0x0000003f77cfe110 mode 2
Event: 36.867 Thread 0x000001f47a1e9000 DEOPT PACKING pc=0x000001f462ed9ac4 sp=0x0000003f790fba40
Event: 36.867 Thread 0x000001f47a1e9000 DEOPT UNPACKING pc=0x000001f4619ea95e sp=0x0000003f790fafe0 mode 0
Event: 36.974 Thread 0x000001f479e0a800 DEOPT PACKING pc=0x000001f4631c88b1 sp=0x0000003f7ddf86a0
Event: 36.974 Thread 0x000001f479e0a800 DEOPT UNPACKING pc=0x000001f4619ea95e sp=0x0000003f7ddf7b68 mode 0

Classes redefined (0 events):
No events

Internal exceptions (20 events):
Event: 25.155 Thread 0x000001f47b3ab800 Exception <a 'java/lang/NoSuchMethodError'{0x000000008b57ff08}: <clinit>> (0x000000008b57ff08) thrown at [./src/hotspot/share/prims/jni.cpp, line 1366]
Event: 25.161 Thread 0x000001f47b3ab800 Exception <a 'java/lang/NoSuchMethodError'{0x000000008b5b22b0}: 'void java.lang.invoke.DirectMethodHandle$Holder.invokeSpecial(java.lang.Object, java.lang.Object, java.lang.Object, int)'> (0x000000008b5b22b0) thrown at [./src/hotspot/share/interpreter/linkResolver.cpp, line 773]
Event: 25.218 Thread 0x000001f47b3ab800 Exception <a 'sun/nio/fs/WindowsException'{0x000000008b3c77a8}> (0x000000008b3c77a8) thrown at [./src/hotspot/share/prims/jni.cpp, line 616]
Event: 25.328 Thread 0x000001f47a48d800 Exception <a 'java/lang/NoSuchMethodError'{0x000000008ae6de78}: <clinit>> (0x000000008ae6de78) thrown at [./src/hotspot/share/prims/jni.cpp, line 1366]
Event: 25.329 Thread 0x000001f47a48d800 Exception <a 'java/lang/NoSuchMethodError'{0x000000008ae781a0}: <clinit>> (0x000000008ae781a0) thrown at [./src/hotspot/share/prims/jni.cpp, line 1366]
Event: 27.245 Thread 0x000001f479e0a800 Exception <a 'java/lang/IncompatibleClassChangeError'{0x000000008aef4c28}: Found class java.lang.Object, but interface was expected> (0x000000008aef4c28) thrown at [./src/hotspot/share/interpreter/linkResolver.cpp, line 839]
Event: 28.913 Thread 0x000001f479e0a800 Implicit null exception at 0x000001f4698e01f7 to 0x000001f4698e037c
Event: 28.992 Thread 0x000001f479e0a800 Exception <a 'java/lang/IncompatibleClassChangeError'{0x000000008ab5d2f0}: Found class java.lang.Object, but interface was expected> (0x000000008ab5d2f0) thrown at [./src/hotspot/share/interpreter/linkResolver.cpp, line 839]
Event: 29.068 Thread 0x000001f479e0a800 Exception <a 'java/lang/NoSuchMethodError'{0x000000008a95c168}: 'int java.lang.invoke.DirectMethodHandle$Holder.invokeStaticInit(java.lang.Object, java.lang.Object, java.lang.Object, java.lang.Object, java.lang.Object)'> (0x000000008a95c168) thrown at [./src/hotspot/share/interpreter/linkResolver.cpp, line 773]
Event: 29.103 Thread 0x000001f47a48d800 Exception <a 'java/lang/NoSuchMethodError'{0x000000008a8f5bb0}: <clinit>> (0x000000008a8f5bb0) thrown at [./src/hotspot/share/prims/jni.cpp, line 1366]
Event: 29.105 Thread 0x000001f47a48d800 Exception <a 'java/lang/NoSuchMethodError'{0x000000008a7438b0}: <clinit>> (0x000000008a7438b0) thrown at [./src/hotspot/share/prims/jni.cpp, line 1366]
Event: 29.105 Thread 0x000001f47a48d800 Exception <a 'java/lang/NoSuchMethodError'{0x000000008a744b88}: <clinit>> (0x000000008a744b88) thrown at [./src/hotspot/share/prims/jni.cpp, line 1366]
Event: 29.120 Thread 0x000001f4004f6800 Exception <a 'java/lang/NoSuchMethodError'{0x000000008bf88e00}: <clinit>> (0x000000008bf88e00) thrown at [./src/hotspot/share/prims/jni.cpp, line 1366]
Event: 29.122 Thread 0x000001f4004f6800 Exception <a 'java/lang/NoSuchMethodError'{0x000000008bf9d8c8}: <clinit>> (0x000000008bf9d8c8) thrown at [./src/hotspot/share/prims/jni.cpp, line 1366]
Event: 29.125 Thread 0x000001f4004f6800 Exception <a 'java/lang/NoSuchMethodError'{0x000000008a583b78}: <clinit>> (0x000000008a583b78) thrown at [./src/hotspot/share/prims/jni.cpp, line 1366]
Event: 31.002 Thread 0x000001f47a48d800 Exception <a 'java/lang/NoSuchMethodError'{0x000000008a304b80}: <clinit>> (0x000000008a304b80) thrown at [./src/hotspot/share/prims/jni.cpp, line 1366]
Event: 31.044 Thread 0x000001f479e0a800 Exception <a 'java/lang/NoSuchMethodError'{0x000000008a3956d8}: 'int java.lang.invoke.DirectMethodHandle$Holder.invokeSpecial(java.lang.Object, java.lang.Object, java.lang.Object, java.lang.Object, java.lang.Object)'> (0x000000008a3956d8) thrown at [./src/hotspot/share/interpreter/linkResolver.cpp, line 773]
Event: 35.054 Thread 0x000001f479e0a800 Exception <a 'java/lang/NoSuchMethodError'{0x0000000089b27800}: 'void java.lang.invoke.DirectMethodHandle$Holder.invokeStatic(java.lang.Object, java.lang.Object, java.lang.Object, java.lang.Object, int, java.lang.Object, java.lang.Object)'> (0x0000000089b27800) thrown at [./src/hotspot/share/interpreter/linkResolver.cpp, line 773]
Event: 35.924 Thread 0x000001f479e0a800 Exception <a 'java/lang/NoSuchMethodError'{0x000000008fa443e8}: 'java.lang.Object java.lang.invoke.DirectMethodHandle$Holder.invokeSpecialIFC(java.lang.Object, java.lang.Object, java.lang.Object)'> (0x000000008fa443e8) thrown at [./src/hotspot/share/interpreter/linkResolver.cpp, line 773]
Event: 36.344 Thread 0x000001f47b47f000 Implicit null exception at 0x000001f4698c7e18 to 0x000001f4698c8092

Events (20 events):
Event: 36.864 Executing VM operation: RevokeBias
Event: 36.867 Executing VM operation: RevokeBias done
Event: 36.872 Executing VM operation: RevokeBias
Event: 36.872 Executing VM operation: RevokeBias done
Event: 36.874 Loaded shared library C:\Program Files\Android\Android Studio\jre\bin\nio.dll
Event: 36.879 Executing VM operation: RevokeBias
Event: 36.879 Executing VM operation: RevokeBias done
Event: 36.884 Executing VM operation: RevokeBias
Event: 36.885 Executing VM operation: RevokeBias done
Event: 36.892 Executing VM operation: RevokeBias
Event: 36.892 Executing VM operation: RevokeBias done
Event: 36.893 Executing VM operation: RevokeBias
Event: 36.894 Executing VM operation: RevokeBias done
Event: 36.901 Executing VM operation: RevokeBias
Event: 36.902 Executing VM operation: RevokeBias done
Event: 36.917 Loaded shared library C:\Program Files\Android\Android Studio\jre\bin\nio.dll
Event: 36.917 Executing VM operation: RevokeBias
Event: 36.917 Executing coalesced safepoint VM operation: RevokeBias
Event: 36.917 Executing coalesced safepoint VM operation: RevokeBias done
Event: 36.917 Executing VM operation: RevokeBias done


Dynamic libraries:
0x00007ff7bc460000 - 0x00007ff7bc46a000 	C:\Program Files\Android\Android Studio\jre\bin\java.exe
0x00007ff907570000 - 0x00007ff907784000 	C:\WINDOWS\SYSTEM32\ntdll.dll
0x00007ff905550000 - 0x00007ff905612000 	C:\WINDOWS\System32\KERNEL32.DLL
0x00007ff904c50000 - 0x00007ff904fec000 	C:\WINDOWS\System32\KERNELBASE.dll
0x00007ff905250000 - 0x00007ff905361000 	C:\WINDOWS\System32\ucrtbase.dll
0x00007ff8af970000 - 0x00007ff8af989000 	C:\Program Files\Android\Android Studio\jre\bin\jli.dll
0x00007ff8af950000 - 0x00007ff8af967000 	C:\Program Files\Android\Android Studio\jre\bin\VCRUNTIME140.dll
0x00007ff907060000 - 0x00007ff90720a000 	C:\WINDOWS\System32\USER32.dll
0x00007ff904ff0000 - 0x00007ff905016000 	C:\WINDOWS\System32\win32u.dll
0x00007ff8f1d10000 - 0x00007ff8f1f9e000 	C:\WINDOWS\WinSxS\amd64_microsoft.windows.common-controls_6595b64144ccf1df_6.0.22621.608_none_a9444ca7c10bb01d\COMCTL32.dll
0x00007ff906a40000 - 0x00007ff906ae7000 	C:\WINDOWS\System32\msvcrt.dll
0x00007ff907030000 - 0x00007ff907059000 	C:\WINDOWS\System32\GDI32.dll
0x00007ff904a90000 - 0x00007ff904ba2000 	C:\WINDOWS\System32\gdi32full.dll
0x00007ff904bb0000 - 0x00007ff904c4a000 	C:\WINDOWS\System32\msvcp_win.dll
0x00007ff905700000 - 0x00007ff905731000 	C:\WINDOWS\System32\IMM32.DLL
0x00007ff879e70000 - 0x00007ff879f0d000 	C:\Program Files\Android\Android Studio\jre\bin\msvcp140.dll
0x00007ff82fbd0000 - 0x00007ff8306d2000 	C:\Program Files\Android\Android Studio\jre\bin\server\jvm.dll
0x00007ff906800000 - 0x00007ff9068ae000 	C:\WINDOWS\System32\ADVAPI32.dll
0x00007ff906990000 - 0x00007ff906a34000 	C:\WINDOWS\System32\sechost.dll
0x00007ff9066d0000 - 0x00007ff9067e5000 	C:\WINDOWS\System32\RPCRT4.dll
0x00007ff905370000 - 0x00007ff905378000 	C:\WINDOWS\System32\PSAPI.DLL
0x00007ff8fc5f0000 - 0x00007ff8fc624000 	C:\WINDOWS\SYSTEM32\WINMM.dll
0x00007ff8fda90000 - 0x00007ff8fda9a000 	C:\WINDOWS\SYSTEM32\VERSION.dll
0x00007ff8f0c90000 - 0x00007ff8f0c99000 	C:\WINDOWS\SYSTEM32\WSOCK32.dll
0x00007ff907390000 - 0x00007ff907401000 	C:\WINDOWS\System32\WS2_32.dll
0x00007ff903b10000 - 0x00007ff903b28000 	C:\WINDOWS\SYSTEM32\kernel.appcore.dll
0x00007ff8f1650000 - 0x00007ff8f1661000 	C:\Program Files\Android\Android Studio\jre\bin\verify.dll
0x00007ff902590000 - 0x00007ff9027be000 	C:\WINDOWS\SYSTEM32\DBGHELP.DLL
0x00007ff905740000 - 0x00007ff905ac9000 	C:\WINDOWS\System32\combase.dll
0x00007ff9068b0000 - 0x00007ff906987000 	C:\WINDOWS\System32\OLEAUT32.dll
0x00007ff8e8260000 - 0x00007ff8e8292000 	C:\WINDOWS\SYSTEM32\dbgcore.DLL
0x00007ff9049a0000 - 0x00007ff904a1b000 	C:\WINDOWS\System32\bcryptPrimitives.dll
0x00007ff8f1480000 - 0x00007ff8f14a9000 	C:\Program Files\Android\Android Studio\jre\bin\java.dll
0x00007ff8ff2d0000 - 0x00007ff8ff2db000 	C:\Program Files\Android\Android Studio\jre\bin\jimage.dll
0x00007ff8f0c50000 - 0x00007ff8f0c68000 	C:\Program Files\Android\Android Studio\jre\bin\zip.dll
0x00007ff905df0000 - 0x00007ff9065ce000 	C:\WINDOWS\System32\SHELL32.dll
0x00007ff902a00000 - 0x00007ff9032b7000 	C:\WINDOWS\SYSTEM32\windows.storage.dll
0x00007ff9028c0000 - 0x00007ff9029fd000 	C:\WINDOWS\SYSTEM32\wintypes.dll
0x00007ff907210000 - 0x00007ff907301000 	C:\WINDOWS\System32\SHCORE.dll
0x00007ff905620000 - 0x00007ff90567e000 	C:\WINDOWS\System32\shlwapi.dll
0x00007ff9048d0000 - 0x00007ff9048f1000 	C:\WINDOWS\SYSTEM32\profapi.dll
0x00007ff8f0bc0000 - 0x00007ff8f0bda000 	C:\Program Files\Android\Android Studio\jre\bin\net.dll
0x00007ff8fc8f0000 - 0x00007ff8fca1f000 	C:\WINDOWS\SYSTEM32\WINHTTP.dll
0x00007ff903f70000 - 0x00007ff903fd9000 	C:\WINDOWS\system32\mswsock.dll
0x00007ff8ecc50000 - 0x00007ff8ecc64000 	C:\Program Files\Android\Android Studio\jre\bin\nio.dll
0x00007ff8c6f30000 - 0x00007ff8c6f57000 	C:\Users\chilu\.gradle\native\e1d6ef7f7dcc3fd88c89a11ec53ec762bb8ba0a96d01ffa2cd45eb1d1d8dd5c5\windows-amd64\native-platform.dll
0x00007ff873870000 - 0x00007ff8739b4000 	C:\Users\chilu\.gradle\native\0d407fdbe67a94daf76414ababcb853783967236a71b16ec16e742cd7a986fd3\windows-amd64\native-platform-file-events.dll
0x00007ff8ecff0000 - 0x00007ff8ecffa000 	C:\Program Files\Android\Android Studio\jre\bin\management.dll
0x00007ff8ecb70000 - 0x00007ff8ecb7d000 	C:\Program Files\Android\Android Studio\jre\bin\management_ext.dll
0x00007ff9041c0000 - 0x00007ff9041db000 	C:\WINDOWS\SYSTEM32\CRYPTSP.dll
0x00007ff903a80000 - 0x00007ff903ab5000 	C:\WINDOWS\system32\rsaenh.dll
0x00007ff904060000 - 0x00007ff904088000 	C:\WINDOWS\SYSTEM32\USERENV.dll
0x00007ff904350000 - 0x00007ff904378000 	C:\WINDOWS\SYSTEM32\bcrypt.dll
0x00007ff9041b0000 - 0x00007ff9041bc000 	C:\WINDOWS\SYSTEM32\CRYPTBASE.dll
0x00007ff903510000 - 0x00007ff90353d000 	C:\WINDOWS\SYSTEM32\IPHLPAPI.DLL
0x00007ff9067f0000 - 0x00007ff9067f9000 	C:\WINDOWS\System32\NSI.dll
0x00007ff8fc510000 - 0x00007ff8fc529000 	C:\WINDOWS\SYSTEM32\dhcpcsvc6.DLL
0x00007ff8fc4e0000 - 0x00007ff8fc4ff000 	C:\WINDOWS\SYSTEM32\dhcpcsvc.DLL
0x00007ff903580000 - 0x00007ff903672000 	C:\WINDOWS\SYSTEM32\DNSAPI.dll

dbghelp: loaded successfully - version: 4.0.5 - missing functions: none
symbol engine: initialized successfully - sym options: 0x614 - pdb path: .;C:\Program Files\Android\Android Studio\jre\bin;C:\WINDOWS\SYSTEM32;C:\WINDOWS\WinSxS\amd64_microsoft.windows.common-controls_6595b64144ccf1df_6.0.22621.608_none_a9444ca7c10bb01d;C:\Program Files\Android\Android Studio\jre\bin\server;C:\Users\chilu\.gradle\native\e1d6ef7f7dcc3fd88c89a11ec53ec762bb8ba0a96d01ffa2cd45eb1d1d8dd5c5\windows-amd64;C:\Users\chilu\.gradle\native\0d407fdbe67a94daf76414ababcb853783967236a71b16ec16e742cd7a986fd3\windows-amd64

VM Arguments:
jvm_args: --add-opens=java.base/java.util=ALL-UNNAMED --add-opens=java.base/java.lang=ALL-UNNAMED --add-opens=java.base/java.lang.invoke=ALL-UNNAMED --add-opens=java.base/java.util=ALL-UNNAMED --add-opens=java.prefs/java.util.prefs=ALL-UNNAMED --add-opens=java.prefs/java.util.prefs=ALL-UNNAMED --add-opens=java.base/java.nio.charset=ALL-UNNAMED --add-opens=java.base/java.net=ALL-UNNAMED --add-opens=java.base/java.util.concurrent.atomic=ALL-UNNAMED -Xmx2048m -Dfile.encoding=UTF-8 -Duser.country=US -Duser.language=en -Duser.variant 
java_command: org.gradle.launcher.daemon.bootstrap.GradleDaemon 7.4
java_class_path (initial): C:\Users\chilu\.gradle\wrapper\dists\gradle-7.4-bin\c0gwcg53nkjbqw7r0h0umtfvt\gradle-7.4\lib\gradle-launcher-7.4.jar
Launcher Type: SUN_STANDARD

[Global flags]
     intx CICompilerCount                          = 4                                         {product} {ergonomic}
     uint ConcGCThreads                            = 2                                         {product} {ergonomic}
     uint G1ConcRefinementThreads                  = 8                                         {product} {ergonomic}
   size_t G1HeapRegionSize                         = 1048576                                   {product} {ergonomic}
    uintx GCDrainStackTargetSize                   = 64                                        {product} {ergonomic}
   size_t InitialHeapSize                          = 266338304                                 {product} {ergonomic}
   size_t MarkStackSize                            = 4194304                                   {product} {ergonomic}
   size_t MaxHeapSize                              = 2147483648                                {product} {command line}
   size_t MaxNewSize                               = 1287651328                                {product} {ergonomic}
   size_t MinHeapDeltaBytes                        = 1048576                                   {product} {ergonomic}
    uintx NonNMethodCodeHeapSize                   = 5836300                                {pd product} {ergonomic}
    uintx NonProfiledCodeHeapSize                  = 122910970                              {pd product} {ergonomic}
    uintx ProfiledCodeHeapSize                     = 122910970                              {pd product} {ergonomic}
    uintx ReservedCodeCacheSize                    = 251658240                              {pd product} {ergonomic}
     bool SegmentedCodeCache                       = true                                      {product} {ergonomic}
     bool UseCompressedClassPointers               = true                                 {lp64_product} {ergonomic}
     bool UseCompressedOops                        = true                                 {lp64_product} {ergonomic}
     bool UseG1GC                                  = true                                      {product} {ergonomic}
     bool UseLargePagesIndividualAllocation        = false                                  {pd product} {ergonomic}

Logging:
Log output configuration:
 #0: stdout all=warning uptime,level,tags
 #1: stderr all=off uptime,level,tags

Environment Variables:
PATH=C:\Program Files (x86)\Common Files\Oracle\Java\javapath;C:\Program Files\Common Files\Oracle\Java\javapath;C:\Windows\system32;C:\Windows;C:\Windows\System32\Wbem;C:\Windows\System32\WindowsPowerShell\v1.0\;C:\Windows\System32\OpenSSH\;C:\Program Files\dotnet\;C:\Program Files\Microsoft SQL Server\150\Tools\Binn\;C:\Program Files\Microsoft SQL Server\Client SDK\ODBC\170\Tools\Binn\;C:\Program Files\Git\cmd;C:\Program Files (x86)\Microsoft SQL Server\150\DTS\Binn\;C:\Program Files\Azure Data Studio\bin;C:\Program Files\nodejs\;C:\Program Files (x86)\Microsoft SQL Server\150\Tools\Binn\;C:\Program Files\Microsoft SQL Server\150\DTS\Binn\;C:\WINDOWS\system32;C:\WINDOWS;C:\WINDOWS\System32\Wbem;C:\WINDOWS\System32\WindowsPowerShell\v1.0\;C:\WINDOWS\System32\OpenSSH\;C:\Program Files\Cloudflare\Cloudflare WARP\;C:\Users\chilu\AppData\Local\Programs\Python\Python310\Scripts\;C:\Users\chilu\AppData\Local\Programs\Python\Python310\;C:\Users\chilu\AppData\Local\Microsoft\WindowsApps;C:\Users\chilu\AppData\Local\Programs\Microsoft VS Code\bin;C:\Users\chilu\.dotnet\tools;C:\Users\chilu\AppData\Local\GitHubDesktop\bin;C:\Program Files\Azure Data Studio\bin;C:\Users\chilu\AppData\Roaming\npm;C:\MinGW\bin;;C:\Program Files\JetBrains\IntelliJ IDEA 2021.1.3\bin;
USERNAME=chilu
OS=Windows_NT
PROCESSOR_IDENTIFIER=Intel64 Family 6 Model 142 Stepping 10, GenuineIntel



---------------  S Y S T E M  ---------------

OS: Windows 11 , 64 bit Build 22621 (10.0.22621.608)
OS uptime: 1 days 7:30 hours

CPU:total 8 (initial active 8) (4 cores per cpu, 2 threads per core) family 6 model 142 stepping 10 microcode 0xec, cmov, cx8, fxsr, mmx, sse, sse2, sse3, ssse3, sse4.1, sse4.2, popcnt, avx, avx2, aes, clmul, erms, 3dnowpref, lzcnt, ht, tsc, tscinvbit, bmi1, bmi2, adx, fma

Memory: 4k page, system-wide physical 16248M (197M free)
TotalPageFile size 45870M (AvailPageFile size 0M)
current process WorkingSet (physical memory assigned to process): 460M, peak: 462M
current process commit charge ("private bytes"): 536M, peak: 537M

vm_info: OpenJDK 64-Bit Server VM (11.0.13+0-b1751.21-8125866) for windows-amd64 JRE (11.0.13+0-b1751.21-8125866), built on Feb  2 2022 03:00:22 by "builder" with MS VC++ 14.0 (VS2015)

END.
